{"meta": {"format": 3, "version": "7.6.10", "timestamp": "2025-01-15T00:15:37.679390", "branch_coverage": false, "show_contexts": false}, "files": {"arbitrage_bot\\configs\\logging_config.py": {"executed_lines": [], "summary": {"covered_lines": 0, "num_statements": 20, "percent_covered": 0.0, "percent_covered_display": "0", "missing_lines": 20, "excluded_lines": 0}, "missing_lines": [3, 4, 5, 6, 9, 11, 12, 14, 19, 20, 21, 23, 24, 25, 28, 29, 31, 32, 33, 35], "excluded_lines": [], "functions": {"get_logger": {"executed_lines": [], "summary": {"covered_lines": 0, "num_statements": 15, "percent_covered": 0.0, "percent_covered_display": "0", "missing_lines": 15, "excluded_lines": 0}, "missing_lines": [11, 12, 14, 19, 20, 21, 23, 24, 25, 28, 29, 31, 32, 33, 35], "excluded_lines": []}, "": {"executed_lines": [], "summary": {"covered_lines": 0, "num_statements": 5, "percent_covered": 0.0, "percent_covered_display": "0", "missing_lines": 5, "excluded_lines": 0}, "missing_lines": [3, 4, 5, 6, 9], "excluded_lines": []}}, "classes": {"": {"executed_lines": [], "summary": {"covered_lines": 0, "num_statements": 20, "percent_covered": 0.0, "percent_covered_display": "0", "missing_lines": 20, "excluded_lines": 0}, "missing_lines": [3, 4, 5, 6, 9, 11, 12, 14, 19, 20, 21, 23, 24, 25, 28, 29, 31, 32, 33, 35], "excluded_lines": []}}}, "arbitrage_bot\\configs\\strategy_config.py": {"executed_lines": [], "summary": {"covered_lines": 0, "num_statements": 90, "percent_covered": 0.0, "percent_covered_display": "0", "missing_lines": 90, "excluded_lines": 0}, "missing_lines": [3, 4, 5, 6, 7, 9, 12, 15, 18, 21, 22, 24, 25, 27, 29, 30, 31, 32, 33, 34, 35, 36, 38, 40, 41, 47, 48, 49, 51, 53, 54, 60, 61, 62, 64, 66, 68, 69, 70, 71, 72, 73, 74, 75, 77, 79, 80, 81, 82, 83, 85, 87, 88, 89, 90, 91, 93, 95, 96, 97, 98, 99, 100, 101, 102, 104, 106, 107, 108, 109, 110, 111, 112, 113, 115, 117, 118, 119, 120, 121, 122, 123, 124, 128, 131, 133, 136, 139, 140, 141], "excluded_lines": [], "functions": {"StrategyConfig.__init__": {"executed_lines": [], "summary": {"covered_lines": 0, "num_statements": 5, "percent_covered": 0.0, "percent_covered_display": "0", "missing_lines": 5, "excluded_lines": 0}, "missing_lines": [18, 21, 22, 24, 25], "excluded_lines": []}, "StrategyConfig._load_config": {"executed_lines": [], "summary": {"covered_lines": 0, "num_statements": 8, "percent_covered": 0.0, "percent_covered_display": "0", "missing_lines": 8, "excluded_lines": 0}, "missing_lines": [29, 30, 31, 32, 33, 34, 35, 36], "excluded_lines": []}, "StrategyConfig.get_arbitrage_strategy_params": {"executed_lines": [], "summary": {"covered_lines": 0, "num_statements": 5, "percent_covered": 0.0, "percent_covered_display": "0", "missing_lines": 5, "excluded_lines": 0}, "missing_lines": [40, 41, 47, 48, 49], "excluded_lines": []}, "StrategyConfig.get_risk_management_params": {"executed_lines": [], "summary": {"covered_lines": 0, "num_statements": 5, "percent_covered": 0.0, "percent_covered_display": "0", "missing_lines": 5, "excluded_lines": 0}, "missing_lines": [53, 54, 60, 61, 62], "excluded_lines": []}, "StrategyConfig.get_enabled_pairs": {"executed_lines": [], "summary": {"covered_lines": 0, "num_statements": 9, "percent_covered": 0.0, "percent_covered_display": "0", "missing_lines": 9, "excluded_lines": 0}, "missing_lines": [66, 68, 69, 70, 71, 72, 73, 74, 75], "excluded_lines": []}, "StrategyConfig.get_dex_config": {"executed_lines": [], "summary": {"covered_lines": 0, "num_statements": 5, "percent_covered": 0.0, "percent_covered_display": "0", "missing_lines": 5, "excluded_lines": 0}, "missing_lines": [79, 80, 81, 82, 83], "excluded_lines": []}, "StrategyConfig.get_token_config": {"executed_lines": [], "summary": {"covered_lines": 0, "num_statements": 5, "percent_covered": 0.0, "percent_covered_display": "0", "missing_lines": 5, "excluded_lines": 0}, "missing_lines": [87, 88, 89, 90, 91], "excluded_lines": []}, "StrategyConfig.get_pool_config": {"executed_lines": [], "summary": {"covered_lines": 0, "num_statements": 8, "percent_covered": 0.0, "percent_covered_display": "0", "missing_lines": 8, "excluded_lines": 0}, "missing_lines": [95, 96, 97, 98, 99, 100, 101, 102], "excluded_lines": []}, "StrategyConfig.get_min_profit_threshold": {"executed_lines": [], "summary": {"covered_lines": 0, "num_statements": 8, "percent_covered": 0.0, "percent_covered_display": "0", "missing_lines": 8, "excluded_lines": 0}, "missing_lines": [106, 107, 108, 109, 110, 111, 112, 113], "excluded_lines": []}, "StrategyConfig.get_max_trade_size": {"executed_lines": [], "summary": {"covered_lines": 0, "num_statements": 8, "percent_covered": 0.0, "percent_covered_display": "0", "missing_lines": 8, "excluded_lines": 0}, "missing_lines": [117, 118, 119, 120, 121, 122, 123, 124], "excluded_lines": []}, "create_strategy_config": {"executed_lines": [], "summary": {"covered_lines": 0, "num_statements": 1, "percent_covered": 0.0, "percent_covered_display": "0", "missing_lines": 1, "excluded_lines": 0}, "missing_lines": [133], "excluded_lines": []}, "get_strategy_config": {"executed_lines": [], "summary": {"covered_lines": 0, "num_statements": 3, "percent_covered": 0.0, "percent_covered_display": "0", "missing_lines": 3, "excluded_lines": 0}, "missing_lines": [139, 140, 141], "excluded_lines": []}, "": {"executed_lines": [], "summary": {"covered_lines": 0, "num_statements": 20, "percent_covered": 0.0, "percent_covered_display": "0", "missing_lines": 20, "excluded_lines": 0}, "missing_lines": [3, 4, 5, 6, 7, 9, 12, 15, 27, 38, 51, 64, 77, 85, 93, 104, 115, 128, 131, 136], "excluded_lines": []}}, "classes": {"StrategyConfig": {"executed_lines": [], "summary": {"covered_lines": 0, "num_statements": 66, "percent_covered": 0.0, "percent_covered_display": "0", "missing_lines": 66, "excluded_lines": 0}, "missing_lines": [18, 21, 22, 24, 25, 29, 30, 31, 32, 33, 34, 35, 36, 40, 41, 47, 48, 49, 53, 54, 60, 61, 62, 66, 68, 69, 70, 71, 72, 73, 74, 75, 79, 80, 81, 82, 83, 87, 88, 89, 90, 91, 95, 96, 97, 98, 99, 100, 101, 102, 106, 107, 108, 109, 110, 111, 112, 113, 117, 118, 119, 120, 121, 122, 123, 124], "excluded_lines": []}, "": {"executed_lines": [], "summary": {"covered_lines": 0, "num_statements": 24, "percent_covered": 0.0, "percent_covered_display": "0", "missing_lines": 24, "excluded_lines": 0}, "missing_lines": [3, 4, 5, 6, 7, 9, 12, 15, 27, 38, 51, 64, 77, 85, 93, 104, 115, 128, 131, 133, 136, 139, 140, 141], "excluded_lines": []}}}, "arbitrage_bot\\core\\analysis\\market_analyzer.py": {"executed_lines": [], "summary": {"covered_lines": 0, "num_statements": 443, "percent_covered": 0.0, "percent_covered_display": "0", "missing_lines": 443, "excluded_lines": 1}, "missing_lines": [3, 4, 5, 6, 7, 8, 9, 10, 11, 12, 13, 14, 16, 18, 19, 21, 22, 23, 24, 26, 27, 29, 30, 31, 32, 33, 35, 36, 38, 39, 40, 41, 42, 43, 44, 46, 49, 51, 52, 53, 56, 59, 60, 63, 64, 65, 68, 69, 78, 84, 85, 88, 89, 90, 91, 94, 95, 97, 99, 101, 103, 105, 108, 111, 114, 117, 120, 122, 123, 124, 126, 128, 129, 130, 132, 134, 135, 136, 137, 140, 143, 148, 149, 158, 159, 160, 163, 166, 167, 168, 171, 172, 173, 174, 176, 177, 178, 179, 180, 182, 183, 184, 185, 188, 189, 190, 191, 193, 198, 200, 201, 202, 204, 207, 208, 209, 210, 211, 213, 214, 215, 216, 218, 219, 222, 231, 232, 233, 242, 243, 244, 245, 248, 249, 250, 251, 252, 253, 254, 255, 256, 258, 261, 269, 270, 271, 274, 277, 278, 279, 281, 284, 287, 297, 306, 307, 308, 310, 311, 313, 315, 316, 318, 320, 322, 325, 328, 329, 330, 333, 334, 335, 336, 337, 338, 339, 340, 341, 342, 343, 344, 345, 346, 347, 348, 349, 350, 351, 352, 353, 355, 356, 357, 358, 359, 362, 365, 366, 367, 368, 370, 371, 372, 374, 375, 376, 379, 382, 383, 391, 392, 393, 394, 395, 396, 397, 400, 401, 402, 403, 404, 405, 406, 407, 408, 410, 411, 412, 414, 416, 419, 422, 423, 426, 427, 430, 431, 433, 434, 435, 436, 437, 438, 439, 440, 442, 447, 448, 449, 451, 453, 454, 455, 456, 465, 466, 471, 472, 481, 482, 485, 486, 487, 488, 489, 491, 494, 495, 496, 499, 500, 501, 503, 504, 507, 509, 517, 518, 519, 527, 529, 531, 532, 533, 536, 539, 540, 541, 543, 545, 546, 547, 549, 551, 552, 554, 555, 560, 561, 563, 565, 570, 571, 573, 583, 585, 586, 587, 589, 590, 591, 592, 603, 611, 613, 615, 616, 617, 619, 626, 627, 628, 629, 632, 633, 636, 637, 640, 641, 644, 645, 646, 649, 650, 651, 653, 655, 656, 657, 659, 661, 662, 665, 666, 668, 670, 672, 673, 674, 675, 678, 679, 681, 682, 689, 691, 693, 699, 700, 702, 703, 705, 707, 708, 710, 711, 712, 713, 720, 721, 722, 723, 724, 731, 732, 739, 743, 744, 750, 751, 753, 755, 761, 762, 765, 767, 769, 770, 771, 772, 775, 789, 790, 791, 793, 794, 796, 797, 799, 801, 806, 808, 818, 820, 821, 822, 825, 828, 829, 830, 833, 834, 835, 836, 842, 859, 860, 862, 863, 864, 875, 877, 878, 879, 880, 889, 890, 891, 892, 894, 908, 909, 910, 912, 913, 914, 916, 919, 921, 922, 924, 925, 926], "excluded_lines": [568], "functions": {"MarketAnalyzer.__init__": {"executed_lines": [], "summary": {"covered_lines": 0, "num_statements": 21, "percent_covered": 0.0, "percent_covered_display": "0", "missing_lines": 21, "excluded_lines": 0}, "missing_lines": [51, 52, 53, 56, 59, 60, 63, 64, 65, 68, 69, 78, 84, 85, 88, 89, 90, 91, 94, 95, 97], "excluded_lines": []}, "MarketAnalyzer.start_monitoring": {"executed_lines": [], "summary": {"covered_lines": 0, "num_statements": 15, "percent_covered": 0.0, "percent_covered_display": "0", "missing_lines": 15, "excluded_lines": 0}, "missing_lines": [101, 103, 105, 108, 111, 114, 117, 120, 122, 123, 124, 126, 128, 129, 130], "excluded_lines": []}, "MarketAnalyzer._update_market_conditions": {"executed_lines": [], "summary": {"covered_lines": 0, "num_statements": 87, "percent_covered": 0.0, "percent_covered_display": "0", "missing_lines": 87, "excluded_lines": 0}, "missing_lines": [134, 135, 136, 137, 140, 143, 148, 149, 158, 159, 160, 163, 166, 167, 168, 171, 172, 173, 174, 176, 177, 178, 179, 180, 182, 183, 184, 185, 188, 189, 190, 191, 193, 198, 200, 201, 202, 204, 207, 208, 209, 210, 211, 213, 214, 215, 216, 218, 219, 222, 231, 232, 233, 242, 243, 244, 245, 248, 249, 250, 251, 252, 253, 254, 255, 256, 258, 261, 269, 270, 271, 274, 277, 278, 279, 281, 284, 287, 297, 306, 307, 308, 310, 311, 313, 315, 316], "excluded_lines": []}, "MarketAnalyzer._get_pool_liquidity": {"executed_lines": [], "summary": {"covered_lines": 0, "num_statements": 86, "percent_covered": 0.0, "percent_covered_display": "0", "missing_lines": 86, "excluded_lines": 0}, "missing_lines": [320, 322, 325, 328, 329, 330, 333, 334, 335, 336, 337, 338, 339, 340, 341, 342, 343, 344, 345, 346, 347, 348, 349, 350, 351, 352, 353, 355, 356, 357, 358, 359, 362, 365, 366, 367, 368, 370, 371, 372, 374, 375, 376, 379, 382, 383, 391, 392, 393, 394, 395, 396, 397, 400, 401, 402, 403, 404, 405, 406, 407, 408, 410, 411, 412, 414, 416, 419, 422, 423, 426, 427, 430, 431, 433, 434, 435, 436, 437, 438, 439, 440, 442, 447, 448, 449], "excluded_lines": []}, "MarketAnalyzer._calculate_trend": {"executed_lines": [], "summary": {"covered_lines": 0, "num_statements": 29, "percent_covered": 0.0, "percent_covered_display": "0", "missing_lines": 29, "excluded_lines": 0}, "missing_lines": [453, 454, 455, 456, 465, 466, 471, 472, 481, 482, 485, 486, 487, 488, 489, 491, 494, 495, 496, 499, 500, 501, 503, 504, 507, 509, 517, 518, 519], "excluded_lines": []}, "MarketAnalyzer._calculate_price_impact": {"executed_lines": [], "summary": {"covered_lines": 0, "num_statements": 12, "percent_covered": 0.0, "percent_covered_display": "0", "missing_lines": 12, "excluded_lines": 0}, "missing_lines": [529, 531, 532, 533, 536, 539, 540, 541, 543, 545, 546, 547], "excluded_lines": []}, "MarketAnalyzer._clean_old_data": {"executed_lines": [], "summary": {"covered_lines": 0, "num_statements": 6, "percent_covered": 0.0, "percent_covered_display": "0", "missing_lines": 6, "excluded_lines": 0}, "missing_lines": [551, 552, 554, 555, 560, 561], "excluded_lines": []}, "MarketAnalyzer._update_metrics": {"executed_lines": [], "summary": {"covered_lines": 0, "num_statements": 3, "percent_covered": 0.0, "percent_covered_display": "0", "missing_lines": 3, "excluded_lines": 1}, "missing_lines": [565, 570, 571], "excluded_lines": [568]}, "MarketAnalyzer.get_market_condition": {"executed_lines": [], "summary": {"covered_lines": 0, "num_statements": 14, "percent_covered": 0.0, "percent_covered_display": "0", "missing_lines": 14, "excluded_lines": 0}, "missing_lines": [583, 585, 586, 587, 589, 590, 591, 592, 603, 611, 613, 615, 616, 617], "excluded_lines": []}, "MarketAnalyzer.should_execute": {"executed_lines": [], "summary": {"covered_lines": 0, "num_statements": 20, "percent_covered": 0.0, "percent_covered_display": "0", "missing_lines": 20, "excluded_lines": 0}, "missing_lines": [626, 627, 628, 629, 632, 633, 636, 637, 640, 641, 644, 645, 646, 649, 650, 651, 653, 655, 656, 657], "excluded_lines": []}, "MarketAnalyzer._monitor_transactions": {"executed_lines": [], "summary": {"covered_lines": 0, "num_statements": 21, "percent_covered": 0.0, "percent_covered_display": "0", "missing_lines": 21, "excluded_lines": 0}, "missing_lines": [661, 662, 665, 666, 668, 670, 672, 673, 674, 675, 678, 679, 681, 682, 689, 691, 693, 699, 700, 702, 703], "excluded_lines": []}, "MarketAnalyzer._check_alerts": {"executed_lines": [], "summary": {"covered_lines": 0, "num_statements": 18, "percent_covered": 0.0, "percent_covered_display": "0", "missing_lines": 18, "excluded_lines": 0}, "missing_lines": [707, 708, 710, 711, 712, 713, 720, 721, 722, 723, 724, 731, 732, 739, 743, 744, 750, 751], "excluded_lines": []}, "MarketAnalyzer._create_alert": {"executed_lines": [], "summary": {"covered_lines": 0, "num_statements": 4, "percent_covered": 0.0, "percent_covered_display": "0", "missing_lines": 4, "excluded_lines": 0}, "missing_lines": [755, 761, 762, 765], "excluded_lines": []}, "MarketAnalyzer._generate_reports": {"executed_lines": [], "summary": {"covered_lines": 0, "num_statements": 12, "percent_covered": 0.0, "percent_covered_display": "0", "missing_lines": 12, "excluded_lines": 0}, "missing_lines": [769, 770, 771, 772, 775, 789, 790, 791, 793, 794, 796, 797], "excluded_lines": []}, "MarketAnalyzer._record_error": {"executed_lines": [], "summary": {"covered_lines": 0, "num_statements": 1, "percent_covered": 0.0, "percent_covered_display": "0", "missing_lines": 1, "excluded_lines": 0}, "missing_lines": [801], "excluded_lines": []}, "MarketAnalyzer.get_metrics": {"executed_lines": [], "summary": {"covered_lines": 0, "num_statements": 1, "percent_covered": 0.0, "percent_covered_display": "0", "missing_lines": 1, "excluded_lines": 0}, "missing_lines": [808], "excluded_lines": []}, "MarketAnalyzer.get_performance_metrics": {"executed_lines": [], "summary": {"covered_lines": 0, "num_statements": 17, "percent_covered": 0.0, "percent_covered_display": "0", "missing_lines": 17, "excluded_lines": 0}, "missing_lines": [820, 821, 822, 825, 828, 829, 830, 833, 834, 835, 836, 842, 859, 860, 862, 863, 864], "excluded_lines": []}, "MarketAnalyzer.get_market_metrics": {"executed_lines": [], "summary": {"covered_lines": 0, "num_statements": 8, "percent_covered": 0.0, "percent_covered_display": "0", "missing_lines": 8, "excluded_lines": 0}, "missing_lines": [877, 878, 879, 880, 889, 890, 891, 892], "excluded_lines": []}, "create_market_analyzer": {"executed_lines": [], "summary": {"covered_lines": 0, "num_statements": 13, "percent_covered": 0.0, "percent_covered_display": "0", "missing_lines": 13, "excluded_lines": 0}, "missing_lines": [908, 909, 910, 912, 913, 914, 916, 919, 921, 922, 924, 925, 926], "excluded_lines": []}, "": {"executed_lines": [], "summary": {"covered_lines": 0, "num_statements": 55, "percent_covered": 0.0, "percent_covered_display": "0", "missing_lines": 55, "excluded_lines": 0}, "missing_lines": [3, 4, 5, 6, 7, 8, 9, 10, 11, 12, 13, 14, 16, 18, 19, 21, 22, 23, 24, 26, 27, 29, 30, 31, 32, 33, 35, 36, 38, 39, 40, 41, 42, 43, 44, 46, 49, 99, 132, 318, 451, 527, 549, 563, 573, 619, 659, 705, 753, 767, 799, 806, 818, 875, 894], "excluded_lines": []}}, "classes": {"PricePoint": {"executed_lines": [], "summary": {"covered_lines": 0, "num_statements": 0, "percent_covered": 100.0, "percent_covered_display": "100", "missing_lines": 0, "excluded_lines": 0}, "missing_lines": [], "excluded_lines": []}, "MarketTrend": {"executed_lines": [], "summary": {"covered_lines": 0, "num_statements": 0, "percent_covered": 100.0, "percent_covered_display": "100", "missing_lines": 0, "excluded_lines": 0}, "missing_lines": [], "excluded_lines": []}, "MarketCondition": {"executed_lines": [], "summary": {"covered_lines": 0, "num_statements": 0, "percent_covered": 100.0, "percent_covered_display": "100", "missing_lines": 0, "excluded_lines": 0}, "missing_lines": [], "excluded_lines": []}, "MarketAnalyzer": {"executed_lines": [], "summary": {"covered_lines": 0, "num_statements": 375, "percent_covered": 0.0, "percent_covered_display": "0", "missing_lines": 375, "excluded_lines": 1}, "missing_lines": [51, 52, 53, 56, 59, 60, 63, 64, 65, 68, 69, 78, 84, 85, 88, 89, 90, 91, 94, 95, 97, 101, 103, 105, 108, 111, 114, 117, 120, 122, 123, 124, 126, 128, 129, 130, 134, 135, 136, 137, 140, 143, 148, 149, 158, 159, 160, 163, 166, 167, 168, 171, 172, 173, 174, 176, 177, 178, 179, 180, 182, 183, 184, 185, 188, 189, 190, 191, 193, 198, 200, 201, 202, 204, 207, 208, 209, 210, 211, 213, 214, 215, 216, 218, 219, 222, 231, 232, 233, 242, 243, 244, 245, 248, 249, 250, 251, 252, 253, 254, 255, 256, 258, 261, 269, 270, 271, 274, 277, 278, 279, 281, 284, 287, 297, 306, 307, 308, 310, 311, 313, 315, 316, 320, 322, 325, 328, 329, 330, 333, 334, 335, 336, 337, 338, 339, 340, 341, 342, 343, 344, 345, 346, 347, 348, 349, 350, 351, 352, 353, 355, 356, 357, 358, 359, 362, 365, 366, 367, 368, 370, 371, 372, 374, 375, 376, 379, 382, 383, 391, 392, 393, 394, 395, 396, 397, 400, 401, 402, 403, 404, 405, 406, 407, 408, 410, 411, 412, 414, 416, 419, 422, 423, 426, 427, 430, 431, 433, 434, 435, 436, 437, 438, 439, 440, 442, 447, 448, 449, 453, 454, 455, 456, 465, 466, 471, 472, 481, 482, 485, 486, 487, 488, 489, 491, 494, 495, 496, 499, 500, 501, 503, 504, 507, 509, 517, 518, 519, 529, 531, 532, 533, 536, 539, 540, 541, 543, 545, 546, 547, 551, 552, 554, 555, 560, 561, 565, 570, 571, 583, 585, 586, 587, 589, 590, 591, 592, 603, 611, 613, 615, 616, 617, 626, 627, 628, 629, 632, 633, 636, 637, 640, 641, 644, 645, 646, 649, 650, 651, 653, 655, 656, 657, 661, 662, 665, 666, 668, 670, 672, 673, 674, 675, 678, 679, 681, 682, 689, 691, 693, 699, 700, 702, 703, 707, 708, 710, 711, 712, 713, 720, 721, 722, 723, 724, 731, 732, 739, 743, 744, 750, 751, 755, 761, 762, 765, 769, 770, 771, 772, 775, 789, 790, 791, 793, 794, 796, 797, 801, 808, 820, 821, 822, 825, 828, 829, 830, 833, 834, 835, 836, 842, 859, 860, 862, 863, 864, 877, 878, 879, 880, 889, 890, 891, 892], "excluded_lines": [568]}, "": {"executed_lines": [], "summary": {"covered_lines": 0, "num_statements": 68, "percent_covered": 0.0, "percent_covered_display": "0", "missing_lines": 68, "excluded_lines": 0}, "missing_lines": [3, 4, 5, 6, 7, 8, 9, 10, 11, 12, 13, 14, 16, 18, 19, 21, 22, 23, 24, 26, 27, 29, 30, 31, 32, 33, 35, 36, 38, 39, 40, 41, 42, 43, 44, 46, 49, 99, 132, 318, 451, 527, 549, 563, 573, 619, 659, 705, 753, 767, 799, 806, 818, 875, 894, 908, 909, 910, 912, 913, 914, 916, 919, 921, 922, 924, 925, 926], "excluded_lines": []}}}, "arbitrage_bot\\core\\balance_manager.py": {"executed_lines": [], "summary": {"covered_lines": 0, "num_statements": 301, "percent_covered": 0.0, "percent_covered_display": "0", "missing_lines": 301, "excluded_lines": 2}, "missing_lines": [3, 4, 5, 6, 7, 8, 10, 11, 12, 13, 14, 15, 17, 19, 22, 23, 25, 26, 39, 40, 41, 42, 53, 54, 56, 69, 70, 71, 73, 74, 75, 77, 78, 79, 81, 90, 91, 92, 93, 94, 95, 96, 97, 98, 101, 102, 103, 106, 107, 110, 111, 112, 115, 116, 117, 120, 121, 123, 125, 127, 128, 129, 130, 133, 136, 144, 147, 148, 150, 151, 153, 154, 155, 156, 158, 160, 162, 163, 164, 165, 167, 168, 169, 170, 172, 173, 174, 175, 177, 178, 179, 180, 182, 190, 192, 193, 194, 195, 197, 199, 200, 201, 202, 203, 204, 205, 207, 208, 209, 211, 224, 226, 229, 232, 235, 236, 237, 240, 247, 250, 256, 267, 269, 270, 271, 273, 288, 290, 291, 294, 295, 298, 299, 300, 303, 304, 307, 309, 310, 311, 313, 319, 321, 324, 331, 334, 337, 342, 343, 345, 347, 350, 353, 358, 359, 364, 365, 367, 368, 370, 372, 375, 378, 384, 385, 386, 387, 393, 395, 396, 398, 400, 402, 404, 408, 409, 410, 413, 418, 423, 426, 430, 431, 432, 433, 438, 440, 441, 443, 445, 446, 447, 448, 449, 452, 455, 457, 458, 460, 467, 469, 472, 475, 479, 482, 489, 491, 492, 493, 495, 501, 503, 504, 505, 508, 509, 512, 513, 514, 516, 518, 519, 520, 522, 524, 526, 527, 530, 531, 534, 535, 537, 539, 540, 541, 543, 548, 550, 553, 554, 557, 558, 560, 562, 563, 564, 566, 568, 570, 571, 580, 581, 583, 585, 586, 587, 589, 591, 593, 596, 603, 605, 606, 610, 612, 613, 614, 620, 622, 623, 624, 625, 627, 628, 629, 631, 632, 633, 636, 637, 639, 640, 641, 644, 647, 652, 653, 656, 657, 660, 662, 663, 664, 666, 673, 675, 677, 678, 686, 692, 693], "excluded_lines": [206, 306], "functions": {"BalanceManager.get_instance": {"executed_lines": [], "summary": {"covered_lines": 0, "num_statements": 6, "percent_covered": 0.0, "percent_covered_display": "0", "missing_lines": 6, "excluded_lines": 0}, "missing_lines": [39, 40, 41, 42, 53, 54], "excluded_lines": []}, "BalanceManager.__init__": {"executed_lines": [], "summary": {"covered_lines": 0, "num_statements": 33, "percent_covered": 0.0, "percent_covered_display": "0", "missing_lines": 33, "excluded_lines": 0}, "missing_lines": [69, 70, 71, 73, 74, 75, 77, 78, 79, 81, 90, 91, 92, 93, 94, 95, 96, 97, 98, 101, 102, 103, 106, 107, 110, 111, 112, 115, 116, 117, 120, 121, 123], "excluded_lines": []}, "BalanceManager.start": {"executed_lines": [], "summary": {"covered_lines": 0, "num_statements": 15, "percent_covered": 0.0, "percent_covered_display": "0", "missing_lines": 15, "excluded_lines": 0}, "missing_lines": [127, 128, 129, 130, 133, 136, 144, 147, 148, 150, 151, 153, 154, 155, 156], "excluded_lines": []}, "BalanceManager._monitor_state": {"executed_lines": [], "summary": {"covered_lines": 0, "num_statements": 23, "percent_covered": 0.0, "percent_covered_display": "0", "missing_lines": 23, "excluded_lines": 0}, "missing_lines": [160, 162, 163, 164, 165, 167, 168, 169, 170, 172, 173, 174, 175, 177, 178, 179, 180, 182, 190, 192, 193, 194, 195], "excluded_lines": []}, "BalanceManager.cleanup": {"executed_lines": [], "summary": {"covered_lines": 0, "num_statements": 10, "percent_covered": 0.0, "percent_covered_display": "0", "missing_lines": 10, "excluded_lines": 1}, "missing_lines": [199, 200, 201, 202, 203, 204, 205, 207, 208, 209], "excluded_lines": [206]}, "BalanceManager.get_optimal_position_size": {"executed_lines": [], "summary": {"covered_lines": 0, "num_statements": 15, "percent_covered": 0.0, "percent_covered_display": "0", "missing_lines": 15, "excluded_lines": 0}, "missing_lines": [224, 226, 229, 232, 235, 236, 237, 240, 247, 250, 256, 267, 269, 270, 271], "excluded_lines": []}, "BalanceManager.approve_trade": {"executed_lines": [], "summary": {"covered_lines": 0, "num_statements": 14, "percent_covered": 0.0, "percent_covered_display": "0", "missing_lines": 14, "excluded_lines": 1}, "missing_lines": [288, 290, 291, 294, 295, 298, 299, 300, 303, 304, 307, 309, 310, 311], "excluded_lines": [306]}, "BalanceManager.record_trade_result": {"executed_lines": [], "summary": {"covered_lines": 0, "num_statements": 8, "percent_covered": 0.0, "percent_covered_display": "0", "missing_lines": 8, "excluded_lines": 0}, "missing_lines": [319, 321, 324, 331, 334, 337, 342, 343], "excluded_lines": []}, "BalanceManager._monitor_balances": {"executed_lines": [], "summary": {"covered_lines": 0, "num_statements": 9, "percent_covered": 0.0, "percent_covered_display": "0", "missing_lines": 9, "excluded_lines": 0}, "missing_lines": [347, 350, 353, 358, 359, 364, 365, 367, 368], "excluded_lines": []}, "BalanceManager._rebalance_positions": {"executed_lines": [], "summary": {"covered_lines": 0, "num_statements": 10, "percent_covered": 0.0, "percent_covered_display": "0", "missing_lines": 10, "excluded_lines": 0}, "missing_lines": [372, 375, 378, 384, 385, 386, 387, 393, 395, 396], "excluded_lines": []}, "BalanceManager._update_risk_metrics": {"executed_lines": [], "summary": {"covered_lines": 0, "num_statements": 17, "percent_covered": 0.0, "percent_covered_display": "0", "missing_lines": 17, "excluded_lines": 0}, "missing_lines": [400, 402, 404, 408, 409, 410, 413, 418, 423, 426, 430, 431, 432, 433, 438, 440, 441], "excluded_lines": []}, "BalanceManager._update_balances": {"executed_lines": [], "summary": {"covered_lines": 0, "num_statements": 9, "percent_covered": 0.0, "percent_covered_display": "0", "missing_lines": 9, "excluded_lines": 0}, "missing_lines": [445, 446, 447, 448, 449, 452, 455, 457, 458], "excluded_lines": []}, "BalanceManager._calculate_risk_score": {"executed_lines": [], "summary": {"covered_lines": 0, "num_statements": 10, "percent_covered": 0.0, "percent_covered_display": "0", "missing_lines": 10, "excluded_lines": 0}, "missing_lines": [467, 469, 472, 475, 479, 482, 489, 491, 492, 493], "excluded_lines": []}, "BalanceManager._check_basic_requirements": {"executed_lines": [], "summary": {"covered_lines": 0, "num_statements": 13, "percent_covered": 0.0, "percent_covered_display": "0", "missing_lines": 13, "excluded_lines": 0}, "missing_lines": [501, 503, 504, 505, 508, 509, 512, 513, 514, 516, 518, 519, 520], "excluded_lines": []}, "BalanceManager._check_risk_metrics": {"executed_lines": [], "summary": {"covered_lines": 0, "num_statements": 11, "percent_covered": 0.0, "percent_covered_display": "0", "missing_lines": 11, "excluded_lines": 0}, "missing_lines": [524, 526, 527, 530, 531, 534, 535, 537, 539, 540, 541], "excluded_lines": []}, "BalanceManager._check_market_conditions": {"executed_lines": [], "summary": {"covered_lines": 0, "num_statements": 10, "percent_covered": 0.0, "percent_covered_display": "0", "missing_lines": 10, "excluded_lines": 0}, "missing_lines": [548, 550, 553, 554, 557, 558, 560, 562, 563, 564], "excluded_lines": []}, "BalanceManager._check_competitor_activity": {"executed_lines": [], "summary": {"covered_lines": 0, "num_statements": 9, "percent_covered": 0.0, "percent_covered_display": "0", "missing_lines": 9, "excluded_lines": 0}, "missing_lines": [568, 570, 571, 580, 581, 583, 585, 586, 587], "excluded_lines": []}, "BalanceManager._calculate_target_allocation": {"executed_lines": [], "summary": {"covered_lines": 0, "num_statements": 10, "percent_covered": 0.0, "percent_covered_display": "0", "missing_lines": 10, "excluded_lines": 0}, "missing_lines": [591, 593, 596, 603, 605, 606, 610, 612, 613, 614], "excluded_lines": []}, "BalanceManager.check_pair_balance": {"executed_lines": [], "summary": {"covered_lines": 0, "num_statements": 25, "percent_covered": 0.0, "percent_covered_display": "0", "missing_lines": 25, "excluded_lines": 0}, "missing_lines": [622, 623, 624, 625, 627, 628, 629, 631, 632, 633, 636, 637, 639, 640, 641, 644, 647, 652, 653, 656, 657, 660, 662, 663, 664], "excluded_lines": []}, "BalanceManager._rebalance_token": {"executed_lines": [], "summary": {"covered_lines": 0, "num_statements": 7, "percent_covered": 0.0, "percent_covered_display": "0", "missing_lines": 7, "excluded_lines": 0}, "missing_lines": [673, 675, 677, 678, 686, 692, 693], "excluded_lines": []}, "": {"executed_lines": [], "summary": {"covered_lines": 0, "num_statements": 37, "percent_covered": 0.0, "percent_covered_display": "0", "missing_lines": 37, "excluded_lines": 0}, "missing_lines": [3, 4, 5, 6, 7, 8, 10, 11, 12, 13, 14, 15, 17, 19, 22, 23, 25, 26, 56, 125, 158, 197, 211, 273, 313, 345, 370, 398, 443, 460, 495, 522, 543, 566, 589, 620, 666], "excluded_lines": []}}, "classes": {"BalanceManager": {"executed_lines": [], "summary": {"covered_lines": 0, "num_statements": 264, "percent_covered": 0.0, "percent_covered_display": "0", "missing_lines": 264, "excluded_lines": 2}, "missing_lines": [39, 40, 41, 42, 53, 54, 69, 70, 71, 73, 74, 75, 77, 78, 79, 81, 90, 91, 92, 93, 94, 95, 96, 97, 98, 101, 102, 103, 106, 107, 110, 111, 112, 115, 116, 117, 120, 121, 123, 127, 128, 129, 130, 133, 136, 144, 147, 148, 150, 151, 153, 154, 155, 156, 160, 162, 163, 164, 165, 167, 168, 169, 170, 172, 173, 174, 175, 177, 178, 179, 180, 182, 190, 192, 193, 194, 195, 199, 200, 201, 202, 203, 204, 205, 207, 208, 209, 224, 226, 229, 232, 235, 236, 237, 240, 247, 250, 256, 267, 269, 270, 271, 288, 290, 291, 294, 295, 298, 299, 300, 303, 304, 307, 309, 310, 311, 319, 321, 324, 331, 334, 337, 342, 343, 347, 350, 353, 358, 359, 364, 365, 367, 368, 372, 375, 378, 384, 385, 386, 387, 393, 395, 396, 400, 402, 404, 408, 409, 410, 413, 418, 423, 426, 430, 431, 432, 433, 438, 440, 441, 445, 446, 447, 448, 449, 452, 455, 457, 458, 467, 469, 472, 475, 479, 482, 489, 491, 492, 493, 501, 503, 504, 505, 508, 509, 512, 513, 514, 516, 518, 519, 520, 524, 526, 527, 530, 531, 534, 535, 537, 539, 540, 541, 548, 550, 553, 554, 557, 558, 560, 562, 563, 564, 568, 570, 571, 580, 581, 583, 585, 586, 587, 591, 593, 596, 603, 605, 606, 610, 612, 613, 614, 622, 623, 624, 625, 627, 628, 629, 631, 632, 633, 636, 637, 639, 640, 641, 644, 647, 652, 653, 656, 657, 660, 662, 663, 664, 673, 675, 677, 678, 686, 692, 693], "excluded_lines": [206, 306]}, "": {"executed_lines": [], "summary": {"covered_lines": 0, "num_statements": 37, "percent_covered": 0.0, "percent_covered_display": "0", "missing_lines": 37, "excluded_lines": 0}, "missing_lines": [3, 4, 5, 6, 7, 8, 10, 11, 12, 13, 14, 15, 17, 19, 22, 23, 25, 26, 56, 125, 158, 197, 211, 273, 313, 345, 370, 398, 443, 460, 495, 522, 543, 566, 589, 620, 666], "excluded_lines": []}}}, "arbitrage_bot\\core\\dex\\aerodrome.py": {"executed_lines": [], "summary": {"covered_lines": 0, "num_statements": 189, "percent_covered": 0.0, "percent_covered_display": "0", "missing_lines": 189, "excluded_lines": 0}, "missing_lines": [3, 4, 5, 6, 7, 9, 10, 11, 13, 14, 16, 18, 21, 29, 30, 31, 32, 33, 34, 35, 36, 37, 39, 41, 43, 44, 45, 46, 47, 48, 51, 52, 55, 56, 57, 59, 60, 62, 63, 64, 66, 83, 85, 86, 88, 91, 92, 93, 96, 99, 100, 103, 105, 106, 109, 110, 112, 113, 114, 117, 118, 121, 123, 125, 136, 138, 139, 140, 141, 142, 144, 145, 155, 165, 166, 169, 170, 171, 179, 180, 181, 183, 191, 192, 193, 195, 196, 198, 200, 201, 202, 204, 228, 230, 231, 234, 237, 244, 246, 250, 251, 254, 258, 259, 260, 263, 278, 279, 282, 285, 288, 289, 294, 302, 304, 306, 307, 308, 310, 321, 323, 326, 327, 328, 329, 332, 333, 336, 338, 341, 343, 345, 346, 347, 349, 351, 353, 354, 355, 356, 357, 359, 361, 363, 364, 365, 366, 368, 370, 371, 374, 376, 378, 379, 380, 381, 382, 383, 385, 386, 387, 388, 389, 390, 391, 392, 395, 396, 397, 399, 400, 409, 410, 411, 412, 414, 415, 418, 419, 420, 421, 423, 424, 426, 428, 436, 446, 447, 448], "excluded_lines": [], "functions": {"AerodromeDEX.__init__": {"executed_lines": [], "summary": {"covered_lines": 0, "num_statements": 9, "percent_covered": 0.0, "percent_covered_display": "0", "missing_lines": 9, "excluded_lines": 0}, "missing_lines": [29, 30, 31, 32, 33, 34, 35, 36, 37], "excluded_lines": []}, "AerodromeDEX.initialize": {"executed_lines": [], "summary": {"covered_lines": 0, "num_statements": 17, "percent_covered": 0.0, "percent_covered_display": "0", "missing_lines": 17, "excluded_lines": 0}, "missing_lines": [41, 43, 44, 45, 46, 47, 48, 51, 52, 55, 56, 57, 59, 60, 62, 63, 64], "excluded_lines": []}, "AerodromeDEX.get_amounts_out": {"executed_lines": [], "summary": {"covered_lines": 0, "num_statements": 50, "percent_covered": 0.0, "percent_covered_display": "0", "missing_lines": 50, "excluded_lines": 0}, "missing_lines": [83, 85, 86, 88, 91, 92, 93, 96, 99, 100, 103, 105, 106, 109, 110, 112, 113, 114, 117, 118, 121, 123, 125, 136, 138, 139, 140, 141, 142, 144, 145, 155, 165, 166, 169, 170, 171, 179, 180, 181, 183, 191, 192, 193, 195, 196, 198, 200, 201, 202], "excluded_lines": []}, "AerodromeDEX.swap_exact_tokens_for_tokens": {"executed_lines": [], "summary": {"covered_lines": 0, "num_statements": 26, "percent_covered": 0.0, "percent_covered_display": "0", "missing_lines": 26, "excluded_lines": 0}, "missing_lines": [228, 230, 231, 234, 237, 244, 246, 250, 251, 254, 258, 259, 260, 263, 278, 279, 282, 285, 288, 289, 294, 302, 304, 306, 307, 308], "excluded_lines": []}, "AerodromeDEX.get_price": {"executed_lines": [], "summary": {"covered_lines": 0, "num_statements": 15, "percent_covered": 0.0, "percent_covered_display": "0", "missing_lines": 15, "excluded_lines": 0}, "missing_lines": [321, 323, 326, 327, 328, 329, 332, 333, 336, 338, 341, 343, 345, 346, 347], "excluded_lines": []}, "AerodromeDEX.check_pool_exists": {"executed_lines": [], "summary": {"covered_lines": 0, "num_statements": 6, "percent_covered": 0.0, "percent_covered_display": "0", "missing_lines": 6, "excluded_lines": 0}, "missing_lines": [351, 353, 354, 355, 356, 357], "excluded_lines": []}, "AerodromeDEX.get_pool_info": {"executed_lines": [], "summary": {"covered_lines": 0, "num_statements": 47, "percent_covered": 0.0, "percent_covered_display": "0", "missing_lines": 47, "excluded_lines": 0}, "missing_lines": [361, 363, 364, 365, 366, 368, 370, 371, 374, 376, 378, 379, 380, 381, 382, 383, 385, 386, 387, 388, 389, 390, 391, 392, 395, 396, 397, 399, 400, 409, 410, 411, 412, 414, 415, 418, 419, 420, 421, 423, 424, 426, 428, 436, 446, 447, 448], "excluded_lines": []}, "": {"executed_lines": [], "summary": {"covered_lines": 0, "num_statements": 19, "percent_covered": 0.0, "percent_covered_display": "0", "missing_lines": 19, "excluded_lines": 0}, "missing_lines": [3, 4, 5, 6, 7, 9, 10, 11, 13, 14, 16, 18, 21, 39, 66, 204, 310, 349, 359], "excluded_lines": []}}, "classes": {"AerodromeDEX": {"executed_lines": [], "summary": {"covered_lines": 0, "num_statements": 170, "percent_covered": 0.0, "percent_covered_display": "0", "missing_lines": 170, "excluded_lines": 0}, "missing_lines": [29, 30, 31, 32, 33, 34, 35, 36, 37, 41, 43, 44, 45, 46, 47, 48, 51, 52, 55, 56, 57, 59, 60, 62, 63, 64, 83, 85, 86, 88, 91, 92, 93, 96, 99, 100, 103, 105, 106, 109, 110, 112, 113, 114, 117, 118, 121, 123, 125, 136, 138, 139, 140, 141, 142, 144, 145, 155, 165, 166, 169, 170, 171, 179, 180, 181, 183, 191, 192, 193, 195, 196, 198, 200, 201, 202, 228, 230, 231, 234, 237, 244, 246, 250, 251, 254, 258, 259, 260, 263, 278, 279, 282, 285, 288, 289, 294, 302, 304, 306, 307, 308, 321, 323, 326, 327, 328, 329, 332, 333, 336, 338, 341, 343, 345, 346, 347, 351, 353, 354, 355, 356, 357, 361, 363, 364, 365, 366, 368, 370, 371, 374, 376, 378, 379, 380, 381, 382, 383, 385, 386, 387, 388, 389, 390, 391, 392, 395, 396, 397, 399, 400, 409, 410, 411, 412, 414, 415, 418, 419, 420, 421, 423, 424, 426, 428, 436, 446, 447, 448], "excluded_lines": []}, "": {"executed_lines": [], "summary": {"covered_lines": 0, "num_statements": 19, "percent_covered": 0.0, "percent_covered_display": "0", "missing_lines": 19, "excluded_lines": 0}, "missing_lines": [3, 4, 5, 6, 7, 9, 10, 11, 13, 14, 16, 18, 21, 39, 66, 204, 310, 349, 359], "excluded_lines": []}}}, "arbitrage_bot\\core\\dex\\base_dex.py": {"executed_lines": [], "summary": {"covered_lines": 0, "num_statements": 53, "percent_covered": 0.0, "percent_covered_display": "0", "missing_lines": 53, "excluded_lines": 3}, "missing_lines": [3, 4, 5, 6, 7, 9, 11, 13, 16, 29, 30, 31, 32, 33, 34, 37, 38, 41, 43, 44, 59, 60, 84, 95, 96, 97, 98, 99, 100, 101, 102, 104, 105, 131, 144, 145, 147, 148, 149, 151, 153, 171, 172, 174, 175, 177, 179, 187, 188, 190, 196, 200, 216], "excluded_lines": [57, 82, 129], "functions": {"BaseDEX.__init__": {"executed_lines": [], "summary": {"covered_lines": 0, "num_statements": 9, "percent_covered": 0.0, "percent_covered_display": "0", "missing_lines": 9, "excluded_lines": 0}, "missing_lines": [29, 30, 31, 32, 33, 34, 37, 38, 41], "excluded_lines": []}, "BaseDEX.initialize": {"executed_lines": [], "summary": {"covered_lines": 0, "num_statements": 0, "percent_covered": 100.0, "percent_covered_display": "100", "missing_lines": 0, "excluded_lines": 1}, "missing_lines": [], "excluded_lines": [57]}, "BaseDEX.get_quote_with_impact": {"executed_lines": [], "summary": {"covered_lines": 0, "num_statements": 0, "percent_covered": 100.0, "percent_covered_display": "100", "missing_lines": 0, "excluded_lines": 1}, "missing_lines": [], "excluded_lines": [82]}, "BaseDEX.get_amounts_out": {"executed_lines": [], "summary": {"covered_lines": 0, "num_statements": 8, "percent_covered": 0.0, "percent_covered_display": "0", "missing_lines": 8, "excluded_lines": 0}, "missing_lines": [95, 96, 97, 98, 99, 100, 101, 102], "excluded_lines": []}, "BaseDEX.swap_exact_tokens_for_tokens": {"executed_lines": [], "summary": {"covered_lines": 0, "num_statements": 0, "percent_covered": 100.0, "percent_covered_display": "100", "missing_lines": 0, "excluded_lines": 1}, "missing_lines": [], "excluded_lines": [129]}, "BaseDEX._validate_path": {"executed_lines": [], "summary": {"covered_lines": 0, "num_statements": 6, "percent_covered": 0.0, "percent_covered_display": "0", "missing_lines": 6, "excluded_lines": 0}, "missing_lines": [144, 145, 147, 148, 149, 151], "excluded_lines": []}, "BaseDEX._validate_amounts": {"executed_lines": [], "summary": {"covered_lines": 0, "num_statements": 5, "percent_covered": 0.0, "percent_covered_display": "0", "missing_lines": 5, "excluded_lines": 0}, "missing_lines": [171, 172, 174, 175, 177], "excluded_lines": []}, "BaseDEX._handle_error": {"executed_lines": [], "summary": {"covered_lines": 0, "num_statements": 4, "percent_covered": 0.0, "percent_covered_display": "0", "missing_lines": 4, "excluded_lines": 0}, "missing_lines": [187, 188, 190, 196], "excluded_lines": []}, "BaseDEX._log_transaction": {"executed_lines": [], "summary": {"covered_lines": 0, "num_statements": 1, "percent_covered": 0.0, "percent_covered_display": "0", "missing_lines": 1, "excluded_lines": 0}, "missing_lines": [216], "excluded_lines": []}, "": {"executed_lines": [], "summary": {"covered_lines": 0, "num_statements": 20, "percent_covered": 0.0, "percent_covered_display": "0", "missing_lines": 20, "excluded_lines": 0}, "missing_lines": [3, 4, 5, 6, 7, 9, 11, 13, 16, 43, 44, 59, 60, 84, 104, 105, 131, 153, 179, 200], "excluded_lines": []}}, "classes": {"BaseDEX": {"executed_lines": [], "summary": {"covered_lines": 0, "num_statements": 33, "percent_covered": 0.0, "percent_covered_display": "0", "missing_lines": 33, "excluded_lines": 3}, "missing_lines": [29, 30, 31, 32, 33, 34, 37, 38, 41, 95, 96, 97, 98, 99, 100, 101, 102, 144, 145, 147, 148, 149, 151, 171, 172, 174, 175, 177, 187, 188, 190, 196, 216], "excluded_lines": [57, 82, 129]}, "": {"executed_lines": [], "summary": {"covered_lines": 0, "num_statements": 20, "percent_covered": 0.0, "percent_covered_display": "0", "missing_lines": 20, "excluded_lines": 0}, "missing_lines": [3, 4, 5, 6, 7, 9, 11, 13, 16, 43, 44, 59, 60, 84, 104, 105, 131, 153, 179, 200], "excluded_lines": []}}}, "arbitrage_bot\\core\\dex\\base_dex_v2.py": {"executed_lines": [], "summary": {"covered_lines": 0, "num_statements": 70, "percent_covered": 0.0, "percent_covered_display": "0", "missing_lines": 70, "excluded_lines": 0}, "missing_lines": [3, 4, 6, 7, 9, 12, 14, 15, 16, 18, 20, 22, 23, 24, 27, 31, 37, 38, 39, 40, 42, 43, 44, 46, 52, 54, 55, 58, 63, 64, 67, 73, 74, 75, 77, 78, 81, 88, 95, 105, 106, 107, 109, 118, 120, 121, 124, 137, 141, 146, 149, 156, 158, 159, 161, 168, 169, 170, 171, 173, 181, 183, 186, 189, 192, 193, 195, 197, 198, 199], "excluded_lines": [], "functions": {"BaseDEXV2.__init__": {"executed_lines": [], "summary": {"covered_lines": 0, "num_statements": 3, "percent_covered": 0.0, "percent_covered_display": "0", "missing_lines": 3, "excluded_lines": 0}, "missing_lines": [14, 15, 16], "excluded_lines": []}, "BaseDEXV2.initialize": {"executed_lines": [], "summary": {"covered_lines": 0, "num_statements": 13, "percent_covered": 0.0, "percent_covered_display": "0", "missing_lines": 13, "excluded_lines": 0}, "missing_lines": [20, 22, 23, 24, 27, 31, 37, 38, 39, 40, 42, 43, 44], "excluded_lines": []}, "BaseDEXV2.get_quote_with_impact": {"executed_lines": [], "summary": {"covered_lines": 0, "num_statements": 18, "percent_covered": 0.0, "percent_covered_display": "0", "missing_lines": 18, "excluded_lines": 0}, "missing_lines": [52, 54, 55, 58, 63, 64, 67, 73, 74, 75, 77, 78, 81, 88, 95, 105, 106, 107], "excluded_lines": []}, "BaseDEXV2.swap_exact_tokens_for_tokens": {"executed_lines": [], "summary": {"covered_lines": 0, "num_statements": 11, "percent_covered": 0.0, "percent_covered_display": "0", "missing_lines": 11, "excluded_lines": 0}, "missing_lines": [118, 120, 121, 124, 137, 141, 146, 149, 156, 158, 159], "excluded_lines": []}, "BaseDEXV2._get_amount_out": {"executed_lines": [], "summary": {"covered_lines": 0, "num_statements": 4, "percent_covered": 0.0, "percent_covered_display": "0", "missing_lines": 4, "excluded_lines": 0}, "missing_lines": [168, 169, 170, 171], "excluded_lines": []}, "BaseDEXV2._calculate_price_impact": {"executed_lines": [], "summary": {"covered_lines": 0, "num_statements": 10, "percent_covered": 0.0, "percent_covered_display": "0", "missing_lines": 10, "excluded_lines": 0}, "missing_lines": [181, 183, 186, 189, 192, 193, 195, 197, 198, 199], "excluded_lines": []}, "": {"executed_lines": [], "summary": {"covered_lines": 0, "num_statements": 11, "percent_covered": 0.0, "percent_covered_display": "0", "missing_lines": 11, "excluded_lines": 0}, "missing_lines": [3, 4, 6, 7, 9, 12, 18, 46, 109, 161, 173], "excluded_lines": []}}, "classes": {"BaseDEXV2": {"executed_lines": [], "summary": {"covered_lines": 0, "num_statements": 59, "percent_covered": 0.0, "percent_covered_display": "0", "missing_lines": 59, "excluded_lines": 0}, "missing_lines": [14, 15, 16, 20, 22, 23, 24, 27, 31, 37, 38, 39, 40, 42, 43, 44, 52, 54, 55, 58, 63, 64, 67, 73, 74, 75, 77, 78, 81, 88, 95, 105, 106, 107, 118, 120, 121, 124, 137, 141, 146, 149, 156, 158, 159, 168, 169, 170, 171, 181, 183, 186, 189, 192, 193, 195, 197, 198, 199], "excluded_lines": []}, "": {"executed_lines": [], "summary": {"covered_lines": 0, "num_statements": 11, "percent_covered": 0.0, "percent_covered_display": "0", "missing_lines": 11, "excluded_lines": 0}, "missing_lines": [3, 4, 6, 7, 9, 12, 18, 46, 109, 161, 173], "excluded_lines": []}}}, "arbitrage_bot\\core\\dex\\base_dex_v3.py": {"executed_lines": [], "summary": {"covered_lines": 0, "num_statements": 113, "percent_covered": 0.0, "percent_covered_display": "0", "missing_lines": 113, "excluded_lines": 0}, "missing_lines": [3, 4, 6, 7, 9, 12, 14, 15, 16, 17, 18, 20, 22, 24, 25, 26, 27, 28, 31, 35, 39, 40, 46, 47, 48, 50, 51, 52, 54, 55, 56, 58, 64, 66, 67, 69, 70, 73, 79, 80, 83, 89, 90, 93, 94, 100, 101, 108, 118, 119, 120, 122, 131, 133, 134, 137, 140, 149, 156, 160, 165, 168, 175, 177, 178, 180, 182, 183, 184, 185, 186, 187, 189, 197, 198, 199, 202, 207, 208, 216, 217, 218, 219, 221, 222, 223, 224, 227, 228, 233, 234, 239, 240, 241, 251, 252, 253, 255, 257, 259, 260, 261, 263, 271, 273, 276, 279, 282, 283, 285, 287, 288, 289], "excluded_lines": [], "functions": {"BaseDEXV3.__init__": {"executed_lines": [], "summary": {"covered_lines": 0, "num_statements": 5, "percent_covered": 0.0, "percent_covered_display": "0", "missing_lines": 5, "excluded_lines": 0}, "missing_lines": [14, 15, 16, 17, 18], "excluded_lines": []}, "BaseDEXV3.initialize": {"executed_lines": [], "summary": {"covered_lines": 0, "num_statements": 19, "percent_covered": 0.0, "percent_covered_display": "0", "missing_lines": 19, "excluded_lines": 0}, "missing_lines": [22, 24, 25, 26, 27, 28, 31, 35, 39, 40, 46, 47, 48, 50, 51, 52, 54, 55, 56], "excluded_lines": []}, "BaseDEXV3.get_quote_with_impact": {"executed_lines": [], "summary": {"covered_lines": 0, "num_statements": 19, "percent_covered": 0.0, "percent_covered_display": "0", "missing_lines": 19, "excluded_lines": 0}, "missing_lines": [64, 66, 67, 69, 70, 73, 79, 80, 83, 89, 90, 93, 94, 100, 101, 108, 118, 119, 120], "excluded_lines": []}, "BaseDEXV3.swap_exact_tokens_for_tokens": {"executed_lines": [], "summary": {"covered_lines": 0, "num_statements": 13, "percent_covered": 0.0, "percent_covered_display": "0", "missing_lines": 13, "excluded_lines": 0}, "missing_lines": [131, 133, 134, 137, 140, 149, 156, 160, 165, 168, 175, 177, 178], "excluded_lines": []}, "BaseDEXV3._encode_path": {"executed_lines": [], "summary": {"covered_lines": 0, "num_statements": 6, "percent_covered": 0.0, "percent_covered_display": "0", "missing_lines": 6, "excluded_lines": 0}, "missing_lines": [182, 183, 184, 185, 186, 187], "excluded_lines": []}, "BaseDEXV3.get_best_path": {"executed_lines": [], "summary": {"covered_lines": 0, "num_statements": 29, "percent_covered": 0.0, "percent_covered_display": "0", "missing_lines": 29, "excluded_lines": 0}, "missing_lines": [197, 198, 199, 202, 207, 208, 216, 217, 218, 219, 221, 222, 223, 224, 227, 228, 233, 234, 239, 240, 241, 251, 252, 253, 255, 257, 259, 260, 261], "excluded_lines": []}, "BaseDEXV3._calculate_price_impact": {"executed_lines": [], "summary": {"covered_lines": 0, "num_statements": 10, "percent_covered": 0.0, "percent_covered_display": "0", "missing_lines": 10, "excluded_lines": 0}, "missing_lines": [271, 273, 276, 279, 282, 283, 285, 287, 288, 289], "excluded_lines": []}, "": {"executed_lines": [], "summary": {"covered_lines": 0, "num_statements": 12, "percent_covered": 0.0, "percent_covered_display": "0", "missing_lines": 12, "excluded_lines": 0}, "missing_lines": [3, 4, 6, 7, 9, 12, 20, 58, 122, 180, 189, 263], "excluded_lines": []}}, "classes": {"BaseDEXV3": {"executed_lines": [], "summary": {"covered_lines": 0, "num_statements": 101, "percent_covered": 0.0, "percent_covered_display": "0", "missing_lines": 101, "excluded_lines": 0}, "missing_lines": [14, 15, 16, 17, 18, 22, 24, 25, 26, 27, 28, 31, 35, 39, 40, 46, 47, 48, 50, 51, 52, 54, 55, 56, 64, 66, 67, 69, 70, 73, 79, 80, 83, 89, 90, 93, 94, 100, 101, 108, 118, 119, 120, 131, 133, 134, 137, 140, 149, 156, 160, 165, 168, 175, 177, 178, 182, 183, 184, 185, 186, 187, 197, 198, 199, 202, 207, 208, 216, 217, 218, 219, 221, 222, 223, 224, 227, 228, 233, 234, 239, 240, 241, 251, 252, 253, 255, 257, 259, 260, 261, 271, 273, 276, 279, 282, 283, 285, 287, 288, 289], "excluded_lines": []}, "": {"executed_lines": [], "summary": {"covered_lines": 0, "num_statements": 12, "percent_covered": 0.0, "percent_covered_display": "0", "missing_lines": 12, "excluded_lines": 0}, "missing_lines": [3, 4, 6, 7, 9, 12, 20, 58, 122, 180, 189, 263], "excluded_lines": []}}}, "arbitrage_bot\\core\\dex\\baseswap.py": {"executed_lines": [], "summary": {"covered_lines": 0, "num_statements": 64, "percent_covered": 0.0, "percent_covered_display": "0", "missing_lines": 64, "excluded_lines": 0}, "missing_lines": [3, 4, 5, 7, 8, 9, 17, 19, 22, 25, 28, 33, 34, 36, 37, 39, 53, 55, 57, 58, 61, 67, 69, 75, 76, 77, 79, 102, 103, 104, 107, 111, 112, 113, 121, 123, 126, 127, 128, 130, 131, 132, 139, 141, 142, 143, 145, 147, 149, 171, 173, 174, 175, 178, 179, 180, 182, 185, 192, 202, 203, 204, 206, 216], "excluded_lines": [], "functions": {"BaseSwapDEX.__init__": {"executed_lines": [], "summary": {"covered_lines": 0, "num_statements": 6, "percent_covered": 0.0, "percent_covered_display": "0", "missing_lines": 6, "excluded_lines": 0}, "missing_lines": [25, 28, 33, 34, 36, 37], "excluded_lines": []}, "BaseSwapDEX.get_reserves": {"executed_lines": [], "summary": {"covered_lines": 0, "num_statements": 10, "percent_covered": 0.0, "percent_covered_display": "0", "missing_lines": 10, "excluded_lines": 0}, "missing_lines": [53, 55, 57, 58, 61, 67, 69, 75, 76, 77], "excluded_lines": []}, "BaseSwapDEX.get_best_path": {"executed_lines": [], "summary": {"covered_lines": 0, "num_statements": 19, "percent_covered": 0.0, "percent_covered_display": "0", "missing_lines": 19, "excluded_lines": 0}, "missing_lines": [102, 103, 104, 107, 111, 112, 113, 121, 123, 126, 127, 128, 130, 131, 132, 139, 141, 142, 143], "excluded_lines": []}, "BaseSwapDEX.get_common_pairs": {"executed_lines": [], "summary": {"covered_lines": 0, "num_statements": 1, "percent_covered": 0.0, "percent_covered_display": "0", "missing_lines": 1, "excluded_lines": 0}, "missing_lines": [147], "excluded_lines": []}, "BaseSwapDEX.get_quote_with_impact": {"executed_lines": [], "summary": {"covered_lines": 0, "num_statements": 13, "percent_covered": 0.0, "percent_covered_display": "0", "missing_lines": 13, "excluded_lines": 0}, "missing_lines": [171, 173, 174, 175, 178, 179, 180, 182, 185, 192, 202, 203, 204], "excluded_lines": []}, "BaseSwapDEX.estimate_gas_cost": {"executed_lines": [], "summary": {"covered_lines": 0, "num_statements": 1, "percent_covered": 0.0, "percent_covered_display": "0", "missing_lines": 1, "excluded_lines": 0}, "missing_lines": [216], "excluded_lines": []}, "": {"executed_lines": [], "summary": {"covered_lines": 0, "num_statements": 14, "percent_covered": 0.0, "percent_covered_display": "0", "missing_lines": 14, "excluded_lines": 0}, "missing_lines": [3, 4, 5, 7, 8, 9, 17, 19, 22, 39, 79, 145, 149, 206], "excluded_lines": []}}, "classes": {"BaseSwapDEX": {"executed_lines": [], "summary": {"covered_lines": 0, "num_statements": 50, "percent_covered": 0.0, "percent_covered_display": "0", "missing_lines": 50, "excluded_lines": 0}, "missing_lines": [25, 28, 33, 34, 36, 37, 53, 55, 57, 58, 61, 67, 69, 75, 76, 77, 102, 103, 104, 107, 111, 112, 113, 121, 123, 126, 127, 128, 130, 131, 132, 139, 141, 142, 143, 147, 171, 173, 174, 175, 178, 179, 180, 182, 185, 192, 202, 203, 204, 216], "excluded_lines": []}, "": {"executed_lines": [], "summary": {"covered_lines": 0, "num_statements": 14, "percent_covered": 0.0, "percent_covered_display": "0", "missing_lines": 14, "excluded_lines": 0}, "missing_lines": [3, 4, 5, 7, 8, 9, 17, 19, 22, 39, 79, 145, 149, 206], "excluded_lines": []}}}, "arbitrage_bot\\core\\dex\\dex_factory.py": {"executed_lines": [], "summary": {"covered_lines": 0, "num_statements": 86, "percent_covered": 0.0, "percent_covered_display": "0", "missing_lines": 86, "excluded_lines": 0}, "missing_lines": [3, 4, 5, 7, 8, 9, 10, 11, 12, 13, 14, 15, 17, 19, 21, 22, 24, 26, 27, 28, 29, 30, 31, 32, 34, 38, 49, 58, 64, 71, 72, 93, 94, 97, 98, 101, 104, 106, 107, 125, 126, 127, 128, 129, 130, 136, 137, 138, 139, 140, 142, 143, 154, 160, 161, 162, 163, 164, 170, 171, 172, 174, 175, 176, 179, 180, 182, 183, 185, 186, 187, 188, 189, 190, 191, 192, 193, 195, 196, 198, 200, 201, 203, 205, 206, 208], "excluded_lines": [], "functions": {"DEXFactory.create_dex": {"executed_lines": [], "summary": {"covered_lines": 0, "num_statements": 6, "percent_covered": 0.0, "percent_covered_display": "0", "missing_lines": 6, "excluded_lines": 0}, "missing_lines": [93, 94, 97, 98, 101, 104], "excluded_lines": []}, "DEXFactory.create_all": {"executed_lines": [], "summary": {"covered_lines": 0, "num_statements": 11, "percent_covered": 0.0, "percent_covered_display": "0", "missing_lines": 11, "excluded_lines": 0}, "missing_lines": [125, 126, 127, 128, 129, 130, 136, 137, 138, 139, 140], "excluded_lines": []}, "DEXFactory._validate_config": {"executed_lines": [], "summary": {"covered_lines": 0, "num_statements": 14, "percent_covered": 0.0, "percent_covered_display": "0", "missing_lines": 14, "excluded_lines": 0}, "missing_lines": [154, 160, 161, 162, 163, 164, 170, 171, 172, 174, 175, 176, 179, 180], "excluded_lines": []}, "DEXFactory._is_valid_address": {"executed_lines": [], "summary": {"covered_lines": 0, "num_statements": 9, "percent_covered": 0.0, "percent_covered_display": "0", "missing_lines": 9, "excluded_lines": 0}, "missing_lines": [185, 186, 187, 188, 189, 190, 191, 192, 193], "excluded_lines": []}, "DEXFactory.get_protocol": {"executed_lines": [], "summary": {"covered_lines": 0, "num_statements": 1, "percent_covered": 0.0, "percent_covered_display": "0", "missing_lines": 1, "excluded_lines": 0}, "missing_lines": [198], "excluded_lines": []}, "DEXFactory.get_implementation": {"executed_lines": [], "summary": {"covered_lines": 0, "num_statements": 1, "percent_covered": 0.0, "percent_covered_display": "0", "missing_lines": 1, "excluded_lines": 0}, "missing_lines": [203], "excluded_lines": []}, "DEXFactory.get_required_config": {"executed_lines": [], "summary": {"covered_lines": 0, "num_statements": 1, "percent_covered": 0.0, "percent_covered_display": "0", "missing_lines": 1, "excluded_lines": 0}, "missing_lines": [208], "excluded_lines": []}, "": {"executed_lines": [], "summary": {"covered_lines": 0, "num_statements": 43, "percent_covered": 0.0, "percent_covered_display": "0", "missing_lines": 43, "excluded_lines": 0}, "missing_lines": [3, 4, 5, 7, 8, 9, 10, 11, 12, 13, 14, 15, 17, 19, 21, 22, 24, 26, 27, 28, 29, 30, 31, 32, 34, 38, 49, 58, 64, 71, 72, 106, 107, 142, 143, 182, 183, 195, 196, 200, 201, 205, 206], "excluded_lines": []}}, "classes": {"DEXProtocol": {"executed_lines": [], "summary": {"covered_lines": 0, "num_statements": 0, "percent_covered": 100.0, "percent_covered_display": "100", "missing_lines": 0, "excluded_lines": 0}, "missing_lines": [], "excluded_lines": []}, "DEXType": {"executed_lines": [], "summary": {"covered_lines": 0, "num_statements": 0, "percent_covered": 100.0, "percent_covered_display": "100", "missing_lines": 0, "excluded_lines": 0}, "missing_lines": [], "excluded_lines": []}, "DEXFactory": {"executed_lines": [], "summary": {"covered_lines": 0, "num_statements": 43, "percent_covered": 0.0, "percent_covered_display": "0", "missing_lines": 43, "excluded_lines": 0}, "missing_lines": [93, 94, 97, 98, 101, 104, 125, 126, 127, 128, 129, 130, 136, 137, 138, 139, 140, 154, 160, 161, 162, 163, 164, 170, 171, 172, 174, 175, 176, 179, 180, 185, 186, 187, 188, 189, 190, 191, 192, 193, 198, 203, 208], "excluded_lines": []}, "": {"executed_lines": [], "summary": {"covered_lines": 0, "num_statements": 43, "percent_covered": 0.0, "percent_covered_display": "0", "missing_lines": 43, "excluded_lines": 0}, "missing_lines": [3, 4, 5, 7, 8, 9, 10, 11, 12, 13, 14, 15, 17, 19, 21, 22, 24, 26, 27, 28, 29, 30, 31, 32, 34, 38, 49, 58, 64, 71, 72, 106, 107, 142, 143, 182, 183, 195, 196, 200, 201, 205, 206], "excluded_lines": []}}}, "arbitrage_bot\\core\\dex\\dex_manager.py": {"executed_lines": [], "summary": {"covered_lines": 0, "num_statements": 162, "percent_covered": 0.0, "percent_covered_display": "0", "missing_lines": 162, "excluded_lines": 0}, "missing_lines": [3, 4, 5, 6, 7, 9, 10, 11, 13, 15, 16, 18, 19, 20, 21, 22, 23, 24, 26, 29, 30, 32, 34, 50, 51, 52, 53, 56, 57, 58, 61, 63, 70, 72, 73, 75, 76, 79, 90, 91, 93, 94, 95, 96, 97, 99, 101, 102, 105, 106, 107, 109, 111, 112, 113, 115, 117, 118, 120, 121, 123, 124, 125, 128, 129, 130, 131, 134, 135, 136, 139, 140, 141, 142, 144, 146, 156, 157, 159, 160, 161, 163, 165, 167, 172, 174, 176, 178, 180, 190, 191, 193, 194, 195, 197, 198, 200, 201, 202, 205, 206, 207, 208, 211, 212, 218, 219, 220, 221, 222, 223, 224, 225, 226, 227, 229, 231, 232, 233, 236, 238, 245, 246, 247, 248, 249, 251, 253, 254, 255, 257, 258, 259, 264, 268, 281, 282, 283, 284, 285, 287, 289, 290, 291, 293, 295, 296, 298, 299, 301, 302, 304, 307, 325, 326, 327, 329, 331, 332, 334, 341, 342], "excluded_lines": [], "functions": {"DEXManager.web3": {"executed_lines": [], "summary": {"covered_lines": 0, "num_statements": 1, "percent_covered": 0.0, "percent_covered_display": "0", "missing_lines": 1, "excluded_lines": 0}, "missing_lines": [32], "excluded_lines": []}, "DEXManager.__init__": {"executed_lines": [], "summary": {"covered_lines": 0, "num_statements": 8, "percent_covered": 0.0, "percent_covered_display": "0", "missing_lines": 8, "excluded_lines": 0}, "missing_lines": [50, 51, 52, 53, 56, 57, 58, 61], "excluded_lines": []}, "DEXManager.initialize": {"executed_lines": [], "summary": {"covered_lines": 0, "num_statements": 23, "percent_covered": 0.0, "percent_covered_display": "0", "missing_lines": 23, "excluded_lines": 0}, "missing_lines": [70, 72, 73, 75, 76, 79, 90, 91, 93, 94, 95, 96, 97, 99, 101, 102, 105, 106, 107, 109, 111, 112, 113], "excluded_lines": []}, "DEXManager.get_dex_by_address": {"executed_lines": [], "summary": {"covered_lines": 0, "num_statements": 19, "percent_covered": 0.0, "percent_covered_display": "0", "missing_lines": 19, "excluded_lines": 0}, "missing_lines": [117, 118, 120, 121, 123, 124, 125, 128, 129, 130, 131, 134, 135, 136, 139, 140, 141, 142, 144], "excluded_lines": []}, "DEXManager.get_dex": {"executed_lines": [], "summary": {"covered_lines": 0, "num_statements": 6, "percent_covered": 0.0, "percent_covered_display": "0", "missing_lines": 6, "excluded_lines": 0}, "missing_lines": [156, 157, 159, 160, 161, 163], "excluded_lines": []}, "DEXManager.get_all_dexes": {"executed_lines": [], "summary": {"covered_lines": 0, "num_statements": 1, "percent_covered": 0.0, "percent_covered_display": "0", "missing_lines": 1, "excluded_lines": 0}, "missing_lines": [167], "excluded_lines": []}, "DEXManager.get_status": {"executed_lines": [], "summary": {"covered_lines": 0, "num_statements": 1, "percent_covered": 0.0, "percent_covered_display": "0", "missing_lines": 1, "excluded_lines": 0}, "missing_lines": [174], "excluded_lines": []}, "DEXManager.get_all_status": {"executed_lines": [], "summary": {"covered_lines": 0, "num_statements": 1, "percent_covered": 0.0, "percent_covered_display": "0", "missing_lines": 1, "excluded_lines": 0}, "missing_lines": [178], "excluded_lines": []}, "DEXManager.recover_dex": {"executed_lines": [], "summary": {"covered_lines": 0, "num_statements": 31, "percent_covered": 0.0, "percent_covered_display": "0", "missing_lines": 31, "excluded_lines": 0}, "missing_lines": [190, 191, 193, 194, 195, 197, 198, 200, 201, 202, 205, 206, 207, 208, 211, 212, 218, 219, 220, 221, 222, 223, 224, 225, 226, 227, 229, 231, 232, 233, 236], "excluded_lines": []}, "DEXManager.recover_all": {"executed_lines": [], "summary": {"covered_lines": 0, "num_statements": 5, "percent_covered": 0.0, "percent_covered_display": "0", "missing_lines": 5, "excluded_lines": 0}, "missing_lines": [245, 246, 247, 248, 249], "excluded_lines": []}, "DEXManager._handle_error": {"executed_lines": [], "summary": {"covered_lines": 0, "num_statements": 7, "percent_covered": 0.0, "percent_covered_display": "0", "missing_lines": 7, "excluded_lines": 0}, "missing_lines": [253, 254, 255, 257, 258, 259, 264], "excluded_lines": []}, "DEXManager.monitor_health": {"executed_lines": [], "summary": {"covered_lines": 0, "num_statements": 17, "percent_covered": 0.0, "percent_covered_display": "0", "missing_lines": 17, "excluded_lines": 0}, "missing_lines": [281, 282, 283, 284, 285, 287, 289, 290, 291, 293, 295, 296, 298, 299, 301, 302, 304], "excluded_lines": []}, "create_dex_manager": {"executed_lines": [], "summary": {"covered_lines": 0, "num_statements": 9, "percent_covered": 0.0, "percent_covered_display": "0", "missing_lines": 9, "excluded_lines": 0}, "missing_lines": [325, 326, 327, 329, 331, 332, 334, 341, 342], "excluded_lines": []}, "": {"executed_lines": [], "summary": {"covered_lines": 0, "num_statements": 33, "percent_covered": 0.0, "percent_covered_display": "0", "missing_lines": 33, "excluded_lines": 0}, "missing_lines": [3, 4, 5, 6, 7, 9, 10, 11, 13, 15, 16, 18, 19, 20, 21, 22, 23, 24, 26, 29, 30, 34, 63, 115, 146, 165, 172, 176, 180, 238, 251, 268, 307], "excluded_lines": []}}, "classes": {"DEXStatus": {"executed_lines": [], "summary": {"covered_lines": 0, "num_statements": 0, "percent_covered": 100.0, "percent_covered_display": "100", "missing_lines": 0, "excluded_lines": 0}, "missing_lines": [], "excluded_lines": []}, "DEXManager": {"executed_lines": [], "summary": {"covered_lines": 0, "num_statements": 120, "percent_covered": 0.0, "percent_covered_display": "0", "missing_lines": 120, "excluded_lines": 0}, "missing_lines": [32, 50, 51, 52, 53, 56, 57, 58, 61, 70, 72, 73, 75, 76, 79, 90, 91, 93, 94, 95, 96, 97, 99, 101, 102, 105, 106, 107, 109, 111, 112, 113, 117, 118, 120, 121, 123, 124, 125, 128, 129, 130, 131, 134, 135, 136, 139, 140, 141, 142, 144, 156, 157, 159, 160, 161, 163, 167, 174, 178, 190, 191, 193, 194, 195, 197, 198, 200, 201, 202, 205, 206, 207, 208, 211, 212, 218, 219, 220, 221, 222, 223, 224, 225, 226, 227, 229, 231, 232, 233, 236, 245, 246, 247, 248, 249, 253, 254, 255, 257, 258, 259, 264, 281, 282, 283, 284, 285, 287, 289, 290, 291, 293, 295, 296, 298, 299, 301, 302, 304], "excluded_lines": []}, "": {"executed_lines": [], "summary": {"covered_lines": 0, "num_statements": 42, "percent_covered": 0.0, "percent_covered_display": "0", "missing_lines": 42, "excluded_lines": 0}, "missing_lines": [3, 4, 5, 6, 7, 9, 10, 11, 13, 15, 16, 18, 19, 20, 21, 22, 23, 24, 26, 29, 30, 34, 63, 115, 146, 165, 172, 176, 180, 238, 251, 268, 307, 325, 326, 327, 329, 331, 332, 334, 341, 342], "excluded_lines": []}}}, "arbitrage_bot\\core\\dex\\pancakeswap.py": {"executed_lines": [], "summary": {"covered_lines": 0, "num_statements": 95, "percent_covered": 0.0, "percent_covered_display": "0", "missing_lines": 95, "excluded_lines": 0}, "missing_lines": [3, 4, 6, 7, 8, 16, 19, 22, 25, 31, 32, 34, 35, 37, 48, 50, 51, 54, 55, 58, 68, 69, 70, 73, 74, 76, 77, 79, 80, 83, 86, 92, 93, 96, 97, 98, 99, 104, 105, 107, 109, 110, 111, 113, 128, 130, 131, 134, 135, 138, 149, 159, 160, 161, 162, 164, 167, 173, 174, 176, 183, 184, 185, 187, 197, 199, 209, 211, 213, 216, 225, 248, 250, 251, 254, 255, 258, 268, 278, 279, 282, 283, 285, 286, 289, 290, 293, 294, 295, 298, 299, 301, 311, 312, 313], "excluded_lines": [], "functions": {"PancakeSwapDEX.__init__": {"executed_lines": [], "summary": {"covered_lines": 0, "num_statements": 6, "percent_covered": 0.0, "percent_covered_display": "0", "missing_lines": 6, "excluded_lines": 0}, "missing_lines": [22, 25, 31, 32, 34, 35], "excluded_lines": []}, "PancakeSwapDEX.get_pool_fee": {"executed_lines": [], "summary": {"covered_lines": 0, "num_statements": 29, "percent_covered": 0.0, "percent_covered_display": "0", "missing_lines": 29, "excluded_lines": 0}, "missing_lines": [48, 50, 51, 54, 55, 58, 68, 69, 70, 73, 74, 76, 77, 79, 80, 83, 86, 92, 93, 96, 97, 98, 99, 104, 105, 107, 109, 110, 111], "excluded_lines": []}, "PancakeSwapDEX.get_best_pool": {"executed_lines": [], "summary": {"covered_lines": 0, "num_statements": 19, "percent_covered": 0.0, "percent_covered_display": "0", "missing_lines": 19, "excluded_lines": 0}, "missing_lines": [128, 130, 131, 134, 135, 138, 149, 159, 160, 161, 162, 164, 167, 173, 174, 176, 183, 184, 185], "excluded_lines": []}, "PancakeSwapDEX.estimate_gas_cost": {"executed_lines": [], "summary": {"covered_lines": 0, "num_statements": 1, "percent_covered": 0.0, "percent_covered_display": "0", "missing_lines": 1, "excluded_lines": 0}, "missing_lines": [197], "excluded_lines": []}, "PancakeSwapDEX._encode_path": {"executed_lines": [], "summary": {"covered_lines": 0, "num_statements": 1, "percent_covered": 0.0, "percent_covered_display": "0", "missing_lines": 1, "excluded_lines": 0}, "missing_lines": [209], "excluded_lines": []}, "PancakeSwapDEX.get_common_pairs": {"executed_lines": [], "summary": {"covered_lines": 0, "num_statements": 1, "percent_covered": 0.0, "percent_covered_display": "0", "missing_lines": 1, "excluded_lines": 0}, "missing_lines": [213], "excluded_lines": []}, "PancakeSwapDEX.get_quote_with_impact": {"executed_lines": [], "summary": {"covered_lines": 0, "num_statements": 24, "percent_covered": 0.0, "percent_covered_display": "0", "missing_lines": 24, "excluded_lines": 0}, "missing_lines": [248, 250, 251, 254, 255, 258, 268, 278, 279, 282, 283, 285, 286, 289, 290, 293, 294, 295, 298, 299, 301, 311, 312, 313], "excluded_lines": []}, "": {"executed_lines": [], "summary": {"covered_lines": 0, "num_statements": 14, "percent_covered": 0.0, "percent_covered_display": "0", "missing_lines": 14, "excluded_lines": 0}, "missing_lines": [3, 4, 6, 7, 8, 16, 19, 37, 113, 187, 199, 211, 216, 225], "excluded_lines": []}}, "classes": {"PancakeSwapDEX": {"executed_lines": [], "summary": {"covered_lines": 0, "num_statements": 81, "percent_covered": 0.0, "percent_covered_display": "0", "missing_lines": 81, "excluded_lines": 0}, "missing_lines": [22, 25, 31, 32, 34, 35, 48, 50, 51, 54, 55, 58, 68, 69, 70, 73, 74, 76, 77, 79, 80, 83, 86, 92, 93, 96, 97, 98, 99, 104, 105, 107, 109, 110, 111, 128, 130, 131, 134, 135, 138, 149, 159, 160, 161, 162, 164, 167, 173, 174, 176, 183, 184, 185, 197, 209, 213, 248, 250, 251, 254, 255, 258, 268, 278, 279, 282, 283, 285, 286, 289, 290, 293, 294, 295, 298, 299, 301, 311, 312, 313], "excluded_lines": []}, "": {"executed_lines": [], "summary": {"covered_lines": 0, "num_statements": 14, "percent_covered": 0.0, "percent_covered_display": "0", "missing_lines": 14, "excluded_lines": 0}, "missing_lines": [3, 4, 6, 7, 8, 16, 19, 37, 113, 187, 199, 211, 216, 225], "excluded_lines": []}}}, "arbitrage_bot\\core\\dex\\rocketswap.py": {"executed_lines": [], "summary": {"covered_lines": 0, "num_statements": 138, "percent_covered": 0.0, "percent_covered_display": "0", "missing_lines": 138, "excluded_lines": 0}, "missing_lines": [3, 4, 5, 6, 8, 10, 12, 15, 17, 18, 19, 20, 21, 24, 25, 26, 29, 33, 38, 40, 42, 43, 44, 45, 46, 47, 49, 51, 53, 54, 55, 58, 61, 62, 64, 65, 69, 70, 71, 73, 74, 75, 77, 79, 80, 81, 82, 83, 85, 92, 93, 94, 96, 97, 98, 100, 101, 102, 105, 106, 107, 108, 109, 110, 111, 112, 113, 116, 117, 120, 121, 122, 123, 126, 127, 129, 130, 131, 133, 135, 136, 137, 138, 143, 144, 148, 149, 151, 153, 154, 155, 157, 167, 168, 170, 171, 173, 174, 175, 176, 177, 180, 181, 184, 185, 186, 187, 189, 192, 195, 210, 214, 217, 223, 232, 233, 234, 235, 237, 239, 240, 243, 244, 246, 248, 250, 251, 252, 254, 256, 257, 260, 261, 263, 265, 267, 268, 269], "excluded_lines": [], "functions": {"RocketSwapDEX.__init__": {"executed_lines": [], "summary": {"covered_lines": 0, "num_statements": 10, "percent_covered": 0.0, "percent_covered_display": "0", "missing_lines": 10, "excluded_lines": 0}, "missing_lines": [17, 18, 19, 20, 21, 24, 25, 26, 29, 33], "excluded_lines": []}, "RocketSwapDEX.initialize": {"executed_lines": [], "summary": {"covered_lines": 0, "num_statements": 7, "percent_covered": 0.0, "percent_covered_display": "0", "missing_lines": 7, "excluded_lines": 0}, "missing_lines": [40, 42, 43, 44, 45, 46, 47], "excluded_lines": []}, "RocketSwapDEX.get_price": {"executed_lines": [], "summary": {"covered_lines": 0, "num_statements": 15, "percent_covered": 0.0, "percent_covered_display": "0", "missing_lines": 15, "excluded_lines": 0}, "missing_lines": [51, 53, 54, 55, 58, 61, 62, 64, 65, 69, 70, 71, 73, 74, 75], "excluded_lines": []}, "RocketSwapDEX.get_amounts_out": {"executed_lines": [], "summary": {"covered_lines": 0, "num_statements": 5, "percent_covered": 0.0, "percent_covered_display": "0", "missing_lines": 5, "excluded_lines": 0}, "missing_lines": [79, 80, 81, 82, 83], "excluded_lines": []}, "RocketSwapDEX.find_alternative_paths": {"executed_lines": [], "summary": {"covered_lines": 0, "num_statements": 15, "percent_covered": 0.0, "percent_covered_display": "0", "missing_lines": 15, "excluded_lines": 0}, "missing_lines": [92, 93, 94, 96, 116, 117, 120, 121, 122, 123, 126, 127, 129, 130, 131], "excluded_lines": []}, "RocketSwapDEX.find_alternative_paths.find_paths": {"executed_lines": [], "summary": {"covered_lines": 0, "num_statements": 14, "percent_covered": 0.0, "percent_covered_display": "0", "missing_lines": 14, "excluded_lines": 0}, "missing_lines": [97, 98, 100, 101, 102, 105, 106, 107, 108, 109, 110, 111, 112, 113], "excluded_lines": []}, "RocketSwapDEX._get_path_liquidity": {"executed_lines": [], "summary": {"covered_lines": 0, "num_statements": 12, "percent_covered": 0.0, "percent_covered_display": "0", "missing_lines": 12, "excluded_lines": 0}, "missing_lines": [135, 136, 137, 138, 143, 144, 148, 149, 151, 153, 154, 155], "excluded_lines": []}, "RocketSwapDEX.swap_exact_tokens_for_tokens": {"executed_lines": [], "summary": {"covered_lines": 0, "num_statements": 26, "percent_covered": 0.0, "percent_covered_display": "0", "missing_lines": 26, "excluded_lines": 0}, "missing_lines": [167, 168, 170, 171, 173, 174, 175, 176, 177, 180, 181, 184, 185, 186, 187, 189, 192, 195, 210, 214, 217, 223, 232, 233, 234, 235], "excluded_lines": []}, "RocketSwapDEX._get_dynamic_gas_price": {"executed_lines": [], "summary": {"covered_lines": 0, "num_statements": 9, "percent_covered": 0.0, "percent_covered_display": "0", "missing_lines": 9, "excluded_lines": 0}, "missing_lines": [239, 240, 243, 244, 246, 248, 250, 251, 252], "excluded_lines": []}, "RocketSwapDEX._get_priority_fee": {"executed_lines": [], "summary": {"covered_lines": 0, "num_statements": 9, "percent_covered": 0.0, "percent_covered_display": "0", "missing_lines": 9, "excluded_lines": 0}, "missing_lines": [256, 257, 260, 261, 263, 265, 267, 268, 269], "excluded_lines": []}, "": {"executed_lines": [], "summary": {"covered_lines": 0, "num_statements": 16, "percent_covered": 0.0, "percent_covered_display": "0", "missing_lines": 16, "excluded_lines": 0}, "missing_lines": [3, 4, 5, 6, 8, 10, 12, 15, 38, 49, 77, 85, 133, 157, 237, 254], "excluded_lines": []}}, "classes": {"RocketSwapDEX": {"executed_lines": [], "summary": {"covered_lines": 0, "num_statements": 122, "percent_covered": 0.0, "percent_covered_display": "0", "missing_lines": 122, "excluded_lines": 0}, "missing_lines": [17, 18, 19, 20, 21, 24, 25, 26, 29, 33, 40, 42, 43, 44, 45, 46, 47, 51, 53, 54, 55, 58, 61, 62, 64, 65, 69, 70, 71, 73, 74, 75, 79, 80, 81, 82, 83, 92, 93, 94, 96, 97, 98, 100, 101, 102, 105, 106, 107, 108, 109, 110, 111, 112, 113, 116, 117, 120, 121, 122, 123, 126, 127, 129, 130, 131, 135, 136, 137, 138, 143, 144, 148, 149, 151, 153, 154, 155, 167, 168, 170, 171, 173, 174, 175, 176, 177, 180, 181, 184, 185, 186, 187, 189, 192, 195, 210, 214, 217, 223, 232, 233, 234, 235, 239, 240, 243, 244, 246, 248, 250, 251, 252, 256, 257, 260, 261, 263, 265, 267, 268, 269], "excluded_lines": []}, "": {"executed_lines": [], "summary": {"covered_lines": 0, "num_statements": 16, "percent_covered": 0.0, "percent_covered_display": "0", "missing_lines": 16, "excluded_lines": 0}, "missing_lines": [3, 4, 5, 6, 8, 10, 12, 15, 38, 49, 77, 85, 133, 157, 237, 254], "excluded_lines": []}}}, "arbitrage_bot\\core\\dex\\sushiswap.py": {"executed_lines": [], "summary": {"covered_lines": 0, "num_statements": 71, "percent_covered": 0.0, "percent_covered_display": "0", "missing_lines": 71, "excluded_lines": 0}, "missing_lines": [3, 4, 5, 7, 8, 10, 13, 15, 16, 17, 18, 20, 22, 24, 25, 26, 29, 30, 32, 36, 42, 43, 44, 45, 48, 49, 50, 51, 53, 54, 55, 57, 58, 59, 61, 67, 69, 70, 71, 72, 75, 77, 79, 82, 83, 84, 86, 88, 89, 90, 92, 94, 95, 97, 99, 100, 101, 102, 103, 105, 113, 115, 116, 117, 119, 127, 128, 132, 134, 135, 136], "excluded_lines": [], "functions": {"SushiswapDEX.__init__": {"executed_lines": [], "summary": {"covered_lines": 0, "num_statements": 4, "percent_covered": 0.0, "percent_covered_display": "0", "missing_lines": 4, "excluded_lines": 0}, "missing_lines": [15, 16, 17, 18], "excluded_lines": []}, "SushiswapDEX.initialize": {"executed_lines": [], "summary": {"covered_lines": 0, "num_statements": 22, "percent_covered": 0.0, "percent_covered_display": "0", "missing_lines": 22, "excluded_lines": 0}, "missing_lines": [22, 24, 25, 26, 29, 30, 32, 36, 42, 43, 44, 45, 48, 49, 50, 51, 53, 54, 55, 57, 58, 59], "excluded_lines": []}, "SushiswapDEX.get_quote_with_impact": {"executed_lines": [], "summary": {"covered_lines": 0, "num_statements": 15, "percent_covered": 0.0, "percent_covered_display": "0", "missing_lines": 15, "excluded_lines": 0}, "missing_lines": [67, 69, 70, 71, 72, 75, 77, 79, 82, 83, 84, 86, 88, 89, 90], "excluded_lines": []}, "SushiswapDEX._validate_amounts": {"executed_lines": [], "summary": {"covered_lines": 0, "num_statements": 2, "percent_covered": 0.0, "percent_covered_display": "0", "missing_lines": 2, "excluded_lines": 0}, "missing_lines": [94, 95], "excluded_lines": []}, "SushiswapDEX._validate_path": {"executed_lines": [], "summary": {"covered_lines": 0, "num_statements": 5, "percent_covered": 0.0, "percent_covered_display": "0", "missing_lines": 5, "excluded_lines": 0}, "missing_lines": [99, 100, 101, 102, 103], "excluded_lines": []}, "SushiswapDEX._calculate_price_impact": {"executed_lines": [], "summary": {"covered_lines": 0, "num_statements": 11, "percent_covered": 0.0, "percent_covered_display": "0", "missing_lines": 11, "excluded_lines": 0}, "missing_lines": [113, 115, 116, 117, 119, 127, 128, 132, 134, 135, 136], "excluded_lines": []}, "": {"executed_lines": [], "summary": {"covered_lines": 0, "num_statements": 12, "percent_covered": 0.0, "percent_covered_display": "0", "missing_lines": 12, "excluded_lines": 0}, "missing_lines": [3, 4, 5, 7, 8, 10, 13, 20, 61, 92, 97, 105], "excluded_lines": []}}, "classes": {"SushiswapDEX": {"executed_lines": [], "summary": {"covered_lines": 0, "num_statements": 59, "percent_covered": 0.0, "percent_covered_display": "0", "missing_lines": 59, "excluded_lines": 0}, "missing_lines": [15, 16, 17, 18, 22, 24, 25, 26, 29, 30, 32, 36, 42, 43, 44, 45, 48, 49, 50, 51, 53, 54, 55, 57, 58, 59, 67, 69, 70, 71, 72, 75, 77, 79, 82, 83, 84, 86, 88, 89, 90, 94, 95, 99, 100, 101, 102, 103, 113, 115, 116, 117, 119, 127, 128, 132, 134, 135, 136], "excluded_lines": []}, "": {"executed_lines": [], "summary": {"covered_lines": 0, "num_statements": 12, "percent_covered": 0.0, "percent_covered_display": "0", "missing_lines": 12, "excluded_lines": 0}, "missing_lines": [3, 4, 5, 7, 8, 10, 13, 20, 61, 92, 97, 105], "excluded_lines": []}}}, "arbitrage_bot\\core\\dex\\swapbased.py": {"executed_lines": [], "summary": {"covered_lines": 0, "num_statements": 75, "percent_covered": 0.0, "percent_covered_display": "0", "missing_lines": 75, "excluded_lines": 0}, "missing_lines": [3, 4, 6, 7, 8, 16, 19, 22, 25, 30, 31, 33, 34, 36, 50, 52, 54, 55, 58, 64, 66, 72, 73, 74, 76, 99, 100, 101, 104, 108, 109, 110, 118, 120, 126, 127, 128, 130, 131, 132, 139, 141, 142, 143, 145, 148, 153, 175, 177, 178, 179, 182, 183, 184, 186, 189, 196, 206, 207, 208, 210, 221, 222, 223, 224, 226, 243, 244, 245, 246, 252, 253, 255, 256, 257], "excluded_lines": [], "functions": {"SwapBasedDEX.__init__": {"executed_lines": [], "summary": {"covered_lines": 0, "num_statements": 6, "percent_covered": 0.0, "percent_covered_display": "0", "missing_lines": 6, "excluded_lines": 0}, "missing_lines": [22, 25, 30, 31, 33, 34], "excluded_lines": []}, "SwapBasedDEX.get_reserves": {"executed_lines": [], "summary": {"covered_lines": 0, "num_statements": 10, "percent_covered": 0.0, "percent_covered_display": "0", "missing_lines": 10, "excluded_lines": 0}, "missing_lines": [50, 52, 54, 55, 58, 64, 66, 72, 73, 74], "excluded_lines": []}, "SwapBasedDEX.get_best_path": {"executed_lines": [], "summary": {"covered_lines": 0, "num_statements": 19, "percent_covered": 0.0, "percent_covered_display": "0", "missing_lines": 19, "excluded_lines": 0}, "missing_lines": [99, 100, 101, 104, 108, 109, 110, 118, 120, 126, 127, 128, 130, 131, 132, 139, 141, 142, 143], "excluded_lines": []}, "SwapBasedDEX.get_common_pairs": {"executed_lines": [], "summary": {"covered_lines": 0, "num_statements": 1, "percent_covered": 0.0, "percent_covered_display": "0", "missing_lines": 1, "excluded_lines": 0}, "missing_lines": [148], "excluded_lines": []}, "SwapBasedDEX.get_quote_with_impact": {"executed_lines": [], "summary": {"covered_lines": 0, "num_statements": 13, "percent_covered": 0.0, "percent_covered_display": "0", "missing_lines": 13, "excluded_lines": 0}, "missing_lines": [175, 177, 178, 179, 182, 183, 184, 186, 189, 196, 206, 207, 208], "excluded_lines": []}, "SwapBasedDEX.estimate_gas_cost": {"executed_lines": [], "summary": {"covered_lines": 0, "num_statements": 4, "percent_covered": 0.0, "percent_covered_display": "0", "missing_lines": 4, "excluded_lines": 0}, "missing_lines": [221, 222, 223, 224], "excluded_lines": []}, "SwapBasedDEX.check_liquidity_depth": {"executed_lines": [], "summary": {"covered_lines": 0, "num_statements": 9, "percent_covered": 0.0, "percent_covered_display": "0", "missing_lines": 9, "excluded_lines": 0}, "missing_lines": [243, 244, 245, 246, 252, 253, 255, 256, 257], "excluded_lines": []}, "": {"executed_lines": [], "summary": {"covered_lines": 0, "num_statements": 13, "percent_covered": 0.0, "percent_covered_display": "0", "missing_lines": 13, "excluded_lines": 0}, "missing_lines": [3, 4, 6, 7, 8, 16, 19, 36, 76, 145, 153, 210, 226], "excluded_lines": []}}, "classes": {"SwapBasedDEX": {"executed_lines": [], "summary": {"covered_lines": 0, "num_statements": 62, "percent_covered": 0.0, "percent_covered_display": "0", "missing_lines": 62, "excluded_lines": 0}, "missing_lines": [22, 25, 30, 31, 33, 34, 50, 52, 54, 55, 58, 64, 66, 72, 73, 74, 99, 100, 101, 104, 108, 109, 110, 118, 120, 126, 127, 128, 130, 131, 132, 139, 141, 142, 143, 148, 175, 177, 178, 179, 182, 183, 184, 186, 189, 196, 206, 207, 208, 221, 222, 223, 224, 243, 244, 245, 246, 252, 253, 255, 256, 257], "excluded_lines": []}, "": {"executed_lines": [], "summary": {"covered_lines": 0, "num_statements": 13, "percent_covered": 0.0, "percent_covered_display": "0", "missing_lines": 13, "excluded_lines": 0}, "missing_lines": [3, 4, 6, 7, 8, 16, 19, 36, 76, 145, 153, 210, 226], "excluded_lines": []}}}, "arbitrage_bot\\core\\dex\\uniswap_v3.py": {"executed_lines": [], "summary": {"covered_lines": 0, "num_statements": 67, "percent_covered": 0.0, "percent_covered_display": "0", "missing_lines": 67, "excluded_lines": 0}, "missing_lines": [3, 4, 5, 7, 8, 10, 13, 15, 16, 17, 18, 20, 22, 24, 25, 26, 27, 30, 34, 38, 44, 45, 46, 47, 49, 50, 51, 53, 59, 61, 62, 65, 71, 72, 75, 81, 82, 84, 85, 88, 97, 104, 114, 115, 116, 118, 127, 129, 141, 150, 154, 159, 162, 169, 171, 172, 174, 182, 184, 187, 190, 193, 194, 196, 198, 199, 200], "excluded_lines": [], "functions": {"UniswapV3DEX.__init__": {"executed_lines": [], "summary": {"covered_lines": 0, "num_statements": 4, "percent_covered": 0.0, "percent_covered_display": "0", "missing_lines": 4, "excluded_lines": 0}, "missing_lines": [15, 16, 17, 18], "excluded_lines": []}, "UniswapV3DEX.initialize": {"executed_lines": [], "summary": {"covered_lines": 0, "num_statements": 15, "percent_covered": 0.0, "percent_covered_display": "0", "missing_lines": 15, "excluded_lines": 0}, "missing_lines": [22, 24, 25, 26, 27, 30, 34, 38, 44, 45, 46, 47, 49, 50, 51], "excluded_lines": []}, "UniswapV3DEX.get_quote_with_impact": {"executed_lines": [], "summary": {"covered_lines": 0, "num_statements": 17, "percent_covered": 0.0, "percent_covered_display": "0", "missing_lines": 17, "excluded_lines": 0}, "missing_lines": [59, 61, 62, 65, 71, 72, 75, 81, 82, 84, 85, 88, 97, 104, 114, 115, 116], "excluded_lines": []}, "UniswapV3DEX.swap_exact_tokens_for_tokens": {"executed_lines": [], "summary": {"covered_lines": 0, "num_statements": 10, "percent_covered": 0.0, "percent_covered_display": "0", "missing_lines": 10, "excluded_lines": 0}, "missing_lines": [127, 129, 141, 150, 154, 159, 162, 169, 171, 172], "excluded_lines": []}, "UniswapV3DEX._calculate_price_impact_v3": {"executed_lines": [], "summary": {"covered_lines": 0, "num_statements": 10, "percent_covered": 0.0, "percent_covered_display": "0", "missing_lines": 10, "excluded_lines": 0}, "missing_lines": [182, 184, 187, 190, 193, 194, 196, 198, 199, 200], "excluded_lines": []}, "": {"executed_lines": [], "summary": {"covered_lines": 0, "num_statements": 11, "percent_covered": 0.0, "percent_covered_display": "0", "missing_lines": 11, "excluded_lines": 0}, "missing_lines": [3, 4, 5, 7, 8, 10, 13, 20, 53, 118, 174], "excluded_lines": []}}, "classes": {"UniswapV3DEX": {"executed_lines": [], "summary": {"covered_lines": 0, "num_statements": 56, "percent_covered": 0.0, "p
[...]
2, "percent_covered": 0.0, "percent_covered_display": "0", "missing_lines": 112, "excluded_lines": 1}, "missing_lines": [3, 4, 5, 7, 9, 21, 25, 27, 42, 44, 55, 57, 58, 59, 61, 71, 73, 80, 81, 82, 83, 84, 85, 86, 87, 88, 96, 98, 99, 100, 102, 105, 109, 110, 111, 116, 117, 118, 119, 120, 121, 122, 125, 126, 127, 128, 129, 130, 131, 132, 134, 135, 136, 137, 139, 147, 149, 150, 151, 152, 155, 156, 157, 166, 176, 179, 180, 182, 183, 188, 190, 191, 192, 194, 210, 212, 213, 214, 222, 225, 236, 246, 248, 249, 250, 252, 263, 265, 268, 269, 270, 273, 276, 277, 278, 279, 282, 283, 286, 287, 290, 292, 294, 295, 296, 298, 309, 310, 315, 317, 318, 319], "excluded_lines": [24]}}}, "arbitrage_bot\\utils\\mcp_helper.py": {"executed_lines": [], "summary": {"covered_lines": 0, "num_statements": 79, "percent_covered": 0.0, "percent_covered_display": "0", "missing_lines": 79, "excluded_lines": 0}, "missing_lines": [3, 4, 5, 6, 7, 9, 12, 15, 18, 19, 20, 21, 23, 27, 28, 29, 30, 33, 35, 37, 39, 41, 44, 56, 57, 59, 61, 62, 63, 65, 68, 69, 70, 71, 73, 75, 76, 77, 79, 80, 81, 84, 94, 95, 96, 97, 98, 99, 102, 112, 113, 114, 115, 116, 117, 120, 124, 125, 126, 127, 128, 129, 131, 134, 148, 149, 150, 151, 152, 153, 154, 157, 168, 169, 170, 171, 172, 173, 174], "excluded_lines": [], "functions": {"MockClient.__init__": {"executed_lines": [], "summary": {"covered_lines": 0, "num_statements": 3, "percent_covered": 0.0, "percent_covered_display": "0", "missing_lines": 3, "excluded_lines": 0}, "missing_lines": [19, 20, 21], "excluded_lines": []}, "MockClient.call_tool": {"executed_lines": [], "summary": {"covered_lines": 0, "num_statements": 5, "percent_covered": 0.0, "percent_covered_display": "0", "missing_lines": 5, "excluded_lines": 0}, "missing_lines": [27, 28, 29, 30, 33], "excluded_lines": []}, "MockClient.access_resource": {"executed_lines": [], "summary": {"covered_lines": 0, "num_statements": 1, "percent_covered": 0.0, "percent_covered_display": "0", "missing_lines": 1, "excluded_lines": 0}, "missing_lines": [37], "excluded_lines": []}, "MockClient.close": {"executed_lines": [], "summary": {"covered_lines": 0, "num_statements": 1, "percent_covered": 0.0, "percent_covered_display": "0", "missing_lines": 1, "excluded_lines": 0}, "missing_lines": [41], "excluded_lines": []}, "get_mcp_client": {"executed_lines": [], "summary": {"covered_lines": 0, "num_statements": 18, "percent_covered": 0.0, "percent_covered_display": "0", "missing_lines": 18, "excluded_lines": 0}, "missing_lines": [56, 57, 59, 61, 62, 63, 65, 68, 69, 70, 71, 73, 75, 76, 77, 79, 80, 81], "excluded_lines": []}, "create_crypto_price_client": {"executed_lines": [], "summary": {"covered_lines": 0, "num_statements": 6, "percent_covered": 0.0, "percent_covered_display": "0", "missing_lines": 6, "excluded_lines": 0}, "missing_lines": [94, 95, 96, 97, 98, 99], "excluded_lines": []}, "create_market_analysis_client": {"executed_lines": [], "summary": {"covered_lines": 0, "num_statements": 6, "percent_covered": 0.0, "percent_covered_display": "0", "missing_lines": 6, "excluded_lines": 0}, "missing_lines": [112, 113, 114, 115, 116, 117], "excluded_lines": []}, "close_mcp_clients": {"executed_lines": [], "summary": {"covered_lines": 0, "num_statements": 7, "percent_covered": 0.0, "percent_covered_display": "0", "missing_lines": 7, "excluded_lines": 0}, "missing_lines": [124, 125, 126, 127, 128, 129, 131], "excluded_lines": []}, "call_mcp_tool": {"executed_lines": [], "summary": {"covered_lines": 0, "num_statements": 7, "percent_covered": 0.0, "percent_covered_display": "0", "missing_lines": 7, "excluded_lines": 0}, "missing_lines": [148, 149, 150, 151, 152, 153, 154], "excluded_lines": []}, "access_mcp_resource": {"executed_lines": [], "summary": {"covered_lines": 0, "num_statements": 7, "percent_covered": 0.0, "percent_covered_display": "0", "missing_lines": 7, "excluded_lines": 0}, "missing_lines": [168, 169, 170, 171, 172, 173, 174], "excluded_lines": []}, "": {"executed_lines": [], "summary": {"covered_lines": 0, "num_statements": 18, "percent_covered": 0.0, "percent_covered_display": "0", "missing_lines": 18, "excluded_lines": 0}, "missing_lines": [3, 4, 5, 6, 7, 9, 12, 15, 18, 23, 35, 39, 44, 84, 102, 120, 134, 157], "excluded_lines": []}}, "classes": {"MockClient": {"executed_lines": [], "summary": {"covered_lines": 0, "num_statements": 10, "percent_covered": 0.0, "percent_covered_display": "0", "missing_lines": 10, "excluded_lines": 0}, "missing_lines": [19, 20, 21, 27, 28, 29, 30, 33, 37, 41], "excluded_lines": []}, "": {"executed_lines": [], "summary": {"covered_lines": 0, "num_statements": 69, "percent_covered": 0.0, "percent_covered_display": "0", "missing_lines": 69, "excluded_lines": 0}, "missing_lines": [3, 4, 5, 6, 7, 9, 12, 15, 18, 23, 35, 39, 44, 56, 57, 59, 61, 62, 63, 65, 68, 69, 70, 71, 73, 75, 76, 77, 79, 80, 81, 84, 94, 95, 96, 97, 98, 99, 102, 112, 113, 114, 115, 116, 117, 120, 124, 125, 126, 127, 128, 129, 131, 134, 148, 149, 150, 151, 152, 153, 154, 157, 168, 169, 170, 171, 172, 173, 174], "excluded_lines": []}}}, "arbitrage_bot\\utils\\price_validator.py": {"executed_lines": [], "summary": {"covered_lines": 0, "num_statements": 49, "percent_covered": 0.0, "percent_covered_display": "0", "missing_lines": 49, "excluded_lines": 0}, "missing_lines": [3, 4, 5, 6, 7, 9, 12, 15, 21, 23, 35, 37, 44, 51, 52, 53, 55, 57, 58, 59, 61, 71, 73, 74, 75, 76, 79, 82, 85, 87, 88, 94, 96, 97, 98, 100, 109, 110, 111, 112, 113, 115, 117, 118, 119, 122, 131, 132, 133], "excluded_lines": [], "functions": {"PriceValidator.__init__": {"executed_lines": [], "summary": {"covered_lines": 0, "num_statements": 1, "percent_covered": 0.0, "percent_covered_display": "0", "missing_lines": 1, "excluded_lines": 0}, "missing_lines": [21], "excluded_lines": []}, "PriceValidator._execute_mcp_tool": {"executed_lines": [], "summary": {"covered_lines": 0, "num_statements": 10, "percent_covered": 0.0, "percent_covered_display": "0", "missing_lines": 10, "excluded_lines": 0}, "missing_lines": [35, 37, 44, 51, 52, 53, 55, 57, 58, 59], "excluded_lines": []}, "PriceValidator.validate_price": {"executed_lines": [], "summary": {"covered_lines": 0, "num_statements": 14, "percent_covered": 0.0, "percent_covered_display": "0", "missing_lines": 14, "excluded_lines": 0}, "missing_lines": [71, 73, 74, 75, 76, 79, 82, 85, 87, 88, 94, 96, 97, 98], "excluded_lines": []}, "PriceValidator.get_market_context": {"executed_lines": [], "summary": {"covered_lines": 0, "num_statements": 9, "percent_covered": 0.0, "percent_covered_display": "0", "missing_lines": 9, "excluded_lines": 0}, "missing_lines": [109, 110, 111, 112, 113, 115, 117, 118, 119], "excluded_lines": []}, "create_price_validator": {"executed_lines": [], "summary": {"covered_lines": 0, "num_statements": 3, "percent_covered": 0.0, "percent_covered_display": "0", "missing_lines": 3, "excluded_lines": 0}, "missing_lines": [131, 132, 133], "excluded_lines": []}, "": {"executed_lines": [], "summary": {"covered_lines": 0, "num_statements": 12, "percent_covered": 0.0, "percent_covered_display": "0", "missing_lines": 12, "excluded_lines": 0}, "missing_lines": [3, 4, 5, 6, 7, 9, 12, 15, 23, 61, 100, 122], "excluded_lines": []}}, "classes": {"PriceValidator": {"executed_lines": [], "summary": {"covered_lines": 0, "num_statements": 34, "percent_covered": 0.0, "percent_covered_display": "0", "missing_lines": 34, "excluded_lines": 0}, "missing_lines": [21, 35, 37, 44, 51, 52, 53, 55, 57, 58, 59, 71, 73, 74, 75, 76, 79, 82, 85, 87, 88, 94, 96, 97, 98, 109, 110, 111, 112, 113, 115, 117, 118, 119], "excluded_lines": []}, "": {"executed_lines": [], "summary": {"covered_lines": 0, "num_statements": 15, "percent_covered": 0.0, "percent_covered_display": "0", "missing_lines": 15, "excluded_lines": 0}, "missing_lines": [3, 4, 5, 6, 7, 9, 12, 15, 23, 61, 100, 122, 131, 132, 133], "excluded_lines": []}}}, "arbitrage_bot\\utils\\rate_limiter.py": {"executed_lines": [], "summary": {"covered_lines": 0, "num_statements": 37, "percent_covered": 0.0, "percent_covered_display": "0", "missing_lines": 37, "excluded_lines": 2}, "missing_lines": [3, 4, 5, 7, 10, 13, 24, 25, 26, 27, 28, 30, 37, 38, 40, 43, 48, 49, 50, 52, 54, 61, 62, 64, 67, 71, 73, 80, 81, 83, 84, 86, 88, 90, 91, 94, 108], "excluded_lines": [16, 97], "functions": {"RateLimiter.__init__": {"executed_lines": [], "summary": {"covered_lines": 0, "num_statements": 5, "percent_covered": 0.0, "percent_covered_display": "0", "missing_lines": 5, "excluded_lines": 1}, "missing_lines": [24, 25, 26, 27, 28], "excluded_lines": [16]}, "RateLimiter.can_execute": {"executed_lines": [], "summary": {"covered_lines": 0, "num_statements": 8, "percent_covered": 0.0, "percent_covered_display": "0", "missing_lines": 8, "excluded_lines": 0}, "missing_lines": [37, 38, 40, 43, 48, 49, 50, 52], "excluded_lines": []}, "RateLimiter.get_remaining_requests": {"executed_lines": [], "summary": {"covered_lines": 0, "num_statements": 5, "percent_covered": 0.0, "percent_covered_display": "0", "missing_lines": 5, "excluded_lines": 0}, "missing_lines": [61, 62, 64, 67, 71], "excluded_lines": []}, "RateLimiter.get_reset_time": {"executed_lines": [], "summary": {"covered_lines": 0, "num_statements": 5, "percent_covered": 0.0, "percent_covered_display": "0", "missing_lines": 5, "excluded_lines": 0}, "missing_lines": [80, 81, 83, 84, 86], "excluded_lines": []}, "RateLimiter.reset": {"executed_lines": [], "summary": {"covered_lines": 0, "num_statements": 2, "percent_covered": 0.0, "percent_covered_display": "0", "missing_lines": 2, "excluded_lines": 0}, "missing_lines": [90, 91], "excluded_lines": []}, "create_rate_limiter": {"executed_lines": [], "summary": {"covered_lines": 0, "num_statements": 1, "percent_covered": 0.0, "percent_covered_display": "0", "missing_lines": 1, "excluded_lines": 1}, "missing_lines": [108], "excluded_lines": [97]}, "": {"executed_lines": [], "summary": {"covered_lines": 0, "num_statements": 11, "percent_covered": 0.0, "percent_covered_display": "0", "missing_lines": 11, "excluded_lines": 0}, "missing_lines": [3, 4, 5, 7, 10, 13, 30, 54, 73, 88, 94], "excluded_lines": []}}, "classes": {"RateLimiter": {"executed_lines": [], "summary": {"covered_lines": 0, "num_statements": 25, "percent_covered": 0.0, "percent_covered_display": "0", "missing_lines": 25, "excluded_lines": 1}, "missing_lines": [24, 25, 26, 27, 28, 37, 38, 40, 43, 48, 49, 50, 52, 61, 62, 64, 67, 71, 80, 81, 83, 84, 86, 90, 91], "excluded_lines": [16]}, "": {"executed_lines": [], "summary": {"covered_lines": 0, "num_statements": 12, "percent_covered": 0.0, "percent_covered_display": "0", "missing_lines": 12, "excluded_lines": 1}, "missing_lines": [3, 4, 5, 7, 10, 13, 30, 54, 73, 88, 94, 108], "excluded_lines": [97]}}}, "arbitrage_bot\\utils\\secure_env.py": {"executed_lines": [], "summary": {"covered_lines": 0, "num_statements": 53, "percent_covered": 0.0, "percent_covered_display": "0", "missing_lines": 53, "excluded_lines": 0}, "missing_lines": [5, 6, 7, 8, 10, 11, 12, 13, 14, 16, 18, 19, 20, 21, 22, 24, 25, 26, 28, 30, 34, 36, 37, 40, 41, 43, 45, 46, 47, 49, 51, 52, 53, 54, 55, 56, 58, 60, 61, 62, 64, 66, 67, 68, 69, 70, 72, 74, 77, 86, 87, 90, 92], "excluded_lines": [], "functions": {"SecureEnvironment.__init__": {"executed_lines": [], "summary": {"covered_lines": 0, "num_statements": 3, "percent_covered": 0.0, "percent_covered_display": "0", "missing_lines": 3, "excluded_lines": 0}, "missing_lines": [12, 13, 14], "excluded_lines": []}, "SecureEnvironment._init_key": {"executed_lines": [], "summary": {"covered_lines": 0, "num_statements": 8, "percent_covered": 0.0, "percent_covered_display": "0", "missing_lines": 8, "excluded_lines": 0}, "missing_lines": [18, 19, 20, 21, 22, 24, 25, 26], "excluded_lines": []}, "SecureEnvironment.encrypt_value": {"executed_lines": [], "summary": {"covered_lines": 0, "num_statements": 1, "percent_covered": 0.0, "percent_covered_display": "0", "missing_lines": 1, "excluded_lines": 0}, "missing_lines": [30], "excluded_lines": []}, "SecureEnvironment.decrypt_value": {"executed_lines": [], "summary": {"covered_lines": 0, "num_statements": 4, "percent_covered": 0.0, "percent_covered_display": "0", "missing_lines": 4, "excluded_lines": 0}, "missing_lines": [36, 37, 40, 41], "excluded_lines": []}, "SecureEnvironment.secure_store": {"executed_lines": [], "summary": {"covered_lines": 0, "num_statements": 3, "percent_covered": 0.0, "percent_covered_display": "0", "missing_lines": 3, "excluded_lines": 0}, "missing_lines": [45, 46, 47], "excluded_lines": []}, "SecureEnvironment.secure_load": {"executed_lines": [], "summary": {"covered_lines": 0, "num_statements": 6, "percent_covered": 0.0, "percent_covered_display": "0", "missing_lines": 6, "excluded_lines": 0}, "missing_lines": [51, 52, 53, 54, 55, 56], "excluded_lines": []}, "SecureEnvironment.secure_env": {"executed_lines": [], "summary": {"covered_lines": 0, "num_statements": 3, "percent_covered": 0.0, "percent_covered_display": "0", "missing_lines": 3, "excluded_lines": 0}, "missing_lines": [60, 61, 62], "excluded_lines": []}, "SecureEnvironment.load_secure_env": {"executed_lines": [], "summary": {"covered_lines": 0, "num_statements": 5, "percent_covered": 0.0, "percent_covered_display": "0", "missing_lines": 5, "excluded_lines": 0}, "missing_lines": [66, 67, 68, 69, 70], "excluded_lines": []}, "init_secure_environment": {"executed_lines": [], "summary": {"covered_lines": 0, "num_statements": 6, "percent_covered": 0.0, "percent_covered_display": "0", "missing_lines": 6, "excluded_lines": 0}, "missing_lines": [74, 77, 86, 87, 90, 92], "excluded_lines": []}, "": {"executed_lines": [], "summary": {"covered_lines": 0, "num_statements": 14, "percent_covered": 0.0, "percent_covered_display": "0", "missing_lines": 14, "excluded_lines": 0}, "missing_lines": [5, 6, 7, 8, 10, 11, 16, 28, 34, 43, 49, 58, 64, 72], "excluded_lines": []}}, "classes": {"SecureEnvironment": {"executed_lines": [], "summary": {"covered_lines": 0, "num_statements": 33, "percent_covered": 0.0, "percent_covered_display": "0", "missing_lines": 33, "excluded_lines": 0}, "missing_lines": [12, 13, 14, 18, 19, 20, 21, 22, 24, 25, 26, 30, 36, 37, 40, 41, 45, 46, 47, 51, 52, 53, 54, 55, 56, 60, 61, 62, 66, 67, 68, 69, 70], "excluded_lines": []}, "": {"executed_lines": [], "summary": {"covered_lines": 0, "num_statements": 20, "percent_covered": 0.0, "percent_covered_display": "0", "missing_lines": 20, "excluded_lines": 0}, "missing_lines": [5, 6, 7, 8, 10, 11, 16, 28, 34, 43, 49, 58, 64, 72, 74, 77, 86, 87, 90, 92], "excluded_lines": []}}}, "arbitrage_bot\\utils\\shared_state.py": {"executed_lines": [], "summary": {"covered_lines": 0, "num_statements": 10, "percent_covered": 0.0, "percent_covered_display": "0", "missing_lines": 10, "excluded_lines": 0}, "missing_lines": [8, 10, 11, 15, 17, 24, 26, 33, 35, 39], "excluded_lines": [], "functions": {"SharedState.__init__": {"executed_lines": [], "summary": {"covered_lines": 0, "num_statements": 1, "percent_covered": 0.0, "percent_covered_display": "0", "missing_lines": 1, "excluded_lines": 0}, "missing_lines": [15], "excluded_lines": []}, "SharedState.update_opportunities": {"executed_lines": [], "summary": {"covered_lines": 0, "num_statements": 1, "percent_covered": 0.0, "percent_covered_display": "0", "missing_lines": 1, "excluded_lines": 0}, "missing_lines": [24], "excluded_lines": []}, "SharedState.get_opportunities": {"executed_lines": [], "summary": {"covered_lines": 0, "num_statements": 1, "percent_covered": 0.0, "percent_covered_display": "0", "missing_lines": 1, "excluded_lines": 0}, "missing_lines": [33], "excluded_lines": []}, "SharedState.clear_opportunities": {"executed_lines": [], "summary": {"covered_lines": 0, "num_statements": 1, "percent_covered": 0.0, "percent_covered_display": "0", "missing_lines": 1, "excluded_lines": 0}, "missing_lines": [39], "excluded_lines": []}, "": {"executed_lines": [], "summary": {"covered_lines": 0, "num_statements": 6, "percent_covered": 0.0, "percent_covered_display": "0", "missing_lines": 6, "excluded_lines": 0}, "missing_lines": [8, 10, 11, 17, 26, 35], "excluded_lines": []}}, "classes": {"SharedState": {"executed_lines": [], "summary": {"covered_lines": 0, "num_statements": 4, "percent_covered": 0.0, "percent_covered_display": "0", "missing_lines": 4, "excluded_lines": 0}, "missing_lines": [15, 24, 33, 39], "excluded_lines": []}, "": {"executed_lines": [], "summary": {"covered_lines": 0, "num_statements": 6, "percent_covered": 0.0, "percent_covered_display": "0", "missing_lines": 6, "excluded_lines": 0}, "missing_lines": [8, 10, 11, 17, 26, 35], "excluded_lines": []}}}, "arbitrage_bot\\utils\\ssl_utils.py": {"executed_lines": [], "summary": {"covered_lines": 0, "num_statements": 38, "percent_covered": 0.0, "percent_covered_display": "0", "missing_lines": 38, "excluded_lines": 0}, "missing_lines": [3, 4, 5, 6, 8, 10, 20, 22, 23, 25, 26, 29, 30, 31, 34, 35, 38, 39, 40, 41, 42, 43, 44, 45, 46, 47, 48, 49, 50, 53, 54, 57, 58, 60, 61, 63, 64, 65], "excluded_lines": [], "functions": {"generate_self_signed_cert": {"executed_lines": [], "summary": {"covered_lines": 0, "num_statements": 32, "percent_covered": 0.0, "percent_covered_display": "0", "missing_lines": 32, "excluded_lines": 0}, "missing_lines": [20, 22, 23, 25, 26, 29, 30, 31, 34, 35, 38, 39, 40, 41, 42, 43, 44, 45, 46, 47, 48, 49, 50, 53, 54, 57, 58, 60, 61, 63, 64, 65], "excluded_lines": []}, "": {"executed_lines": [], "summary": {"covered_lines": 0, "num_statements": 6, "percent_covered": 0.0, "percent_covered_display": "0", "missing_lines": 6, "excluded_lines": 0}, "missing_lines": [3, 4, 5, 6, 8, 10], "excluded_lines": []}}, "classes": {"": {"executed_lines": [], "summary": {"covered_lines": 0, "num_statements": 38, "percent_covered": 0.0, "percent_covered_display": "0", "missing_lines": 38, "excluded_lines": 0}, "missing_lines": [3, 4, 5, 6, 8, 10, 20, 22, 23, 25, 26, 29, 30, 31, 34, 35, 38, 39, 40, 41, 42, 43, 44, 45, 46, 47, 48, 49, 50, 53, 54, 57, 58, 60, 61, 63, 64, 65], "excluded_lines": []}}}, "arbitrage_bot\\utils\\system_monitor.py": {"executed_lines": [], "summary": {"covered_lines": 0, "num_statements": 26, "percent_covered": 0.0, "percent_covered_display": "0", "missing_lines": 26, "excluded_lines": 0}, "missing_lines": [3, 4, 5, 8, 11, 13, 14, 15, 17, 24, 27, 28, 35, 36, 43, 44, 45, 47, 50, 53, 54, 56, 63, 64, 67, 74], "excluded_lines": [], "functions": {"SystemMonitor.__init__": {"executed_lines": [], "summary": {"covered_lines": 0, "num_statements": 3, "percent_covered": 0.0, "percent_covered_display": "0", "missing_lines": 3, "excluded_lines": 0}, "missing_lines": [13, 14, 15], "excluded_lines": []}, "SystemMonitor.get_system_stats": {"executed_lines": [], "summary": {"covered_lines": 0, "num_statements": 17, "percent_covered": 0.0, "percent_covered_display": "0", "missing_lines": 17, "excluded_lines": 0}, "missing_lines": [24, 27, 28, 35, 36, 43, 44, 45, 47, 50, 53, 54, 56, 63, 64, 67, 74], "excluded_lines": []}, "": {"executed_lines": [], "summary": {"covered_lines": 0, "num_statements": 6, "percent_covered": 0.0, "percent_covered_display": "0", "missing_lines": 6, "excluded_lines": 0}, "missing_lines": [3, 4, 5, 8, 11, 17], "excluded_lines": []}}, "classes": {"SystemMonitor": {"executed_lines": [], "summary": {"covered_lines": 0, "num_statements": 20, "percent_covered": 0.0, "percent_covered_display": "0", "missing_lines": 20, "excluded_lines": 0}, "missing_lines": [13, 14, 15, 24, 27, 28, 35, 36, 43, 44, 45, 47, 50, 53, 54, 56, 63, 64, 67, 74], "excluded_lines": []}, "": {"executed_lines": [], "summary": {"covered_lines": 0, "num_statements": 6, "percent_covered": 0.0, "percent_covered_display": "0", "missing_lines": 6, "excluded_lines": 0}, "missing_lines": [3, 4, 5, 8, 11, 17], "excluded_lines": []}}}}, "totals": {"covered_lines": 32, "num_statements": 7077, "percent_covered": 0.45216899816306344, "percent_covered_display": "1", "missing_lines": 7045, "excluded_lines": 47}}